[22h 29:31] POST /auth : 200
[22h 29:33] GET /orders : 200
[22h 29:33] GET /tickets : 200
[22h 29:48] POST /orders : 200
[22h 29:57] GET /orders/1113927397293699092/offers/as-offer/670642326661496866 : 200
[22h 29:57] GET /orders/1113927397293699092/offers/is-busied/670642326661496866 : 200
[22h 29:57] PUT /orders/1113927397293699092/offers/busy : 200
[22h 30:27] POST /auth : 200
[22h 30:30] GET /orders : 200
[22h 30:30] GET /tickets : 200
[22h 30:38] POST /orders : 200
[22h 30:42] GET /orders/1113927609215111188/offers/as-offer/670642326661496866 : 200
[22h 30:47] POST /orders/offers/1113927609215111188 : 200
[22h 30:56] GET /orders/offers/b5f84d7b3824 : 200
[22h 30:57] DESTROY /orders/offers/b5f84d7b3824/refuse : 200
[22h 31:56] GET /orders/1113927609215111188/offers/as-offer/670642326661496866 : 200
[22h 31:56] GET /orders/1113927609215111188/offers/is-busied/670642326661496866 : 200
[22h 31:56] PUT /orders/1113927609215111188/offers/busy : 200
[22h 31:59] GET /orders/1113927609215111188/offers/as-offer/670642326661496866 : 200
[22h 32:8] GET /orders/1113927609215111188/offers/as-offer/670642326661496866 : 200
[22h 32:8] GET /orders/1113927609215111188/offers/is-busied/670642326661496866 : 200
[22h 32:10] GET /orders/1113927609215111188/offers/as-offer/670642326661496866 : 200
[22h 32:46] GET /orders/1113927609215111188/offers/as-offer/670642326661496866 : 200
[22h 32:54] GET /orders/1113927609215111188/offers/as-offer/670642326661496866 : 200
[22h 32:54] GET /orders/1113927609215111188/offers/is-busied/670642326661496866 : 200
[22h 33:56] GET /orders/1113927609215111188/offers/as-offer/670642326661496866 : 200
[22h 33:56] GET /orders/1113927609215111188/offers/is-busied/670642326661496866 : 200
[22h 34:2] GET /orders/1113927609215111188/offers/as-offer/670642326661496866 : 200
[22h 34:12] POST /auth : 200
[22h 34:15] GET /orders : 200
[22h 34:16] GET /tickets : 200
[22h 34:44] POST /auth : 200
[22h 34:47] GET /orders : 200
[22h 34:47] GET /tickets : 200
[22h 34:51] GET /orders/1113927609215111188/offers/as-offer/670642326661496866 : 200
[22h 35:17] POST /auth : 200
[22h 35:20] GET /orders : 200
[22h 35:20] GET /tickets : 200
[22h 35:22] GET /orders/1113927609215111188/offers/as-offer/670642326661496866 : 200
[22h 35:38] POST /auth : 200
[22h 35:41] GET /orders : 200
[22h 35:41] GET /tickets : 200
[22h 35:57] POST /auth : 200
[22h 36:0] GET /orders : 200
[22h 36:1] GET /tickets : 200
[22h 36:6] GET /orders/1113927609215111188/offers/as-offer/670642326661496866 : 200
[22h 36:6] GET /orders/1113927609215111188/offers/is-busied/670642326661496866 : 200
[22h 36:9] GET /orders/1113927609215111188/offers/as-offer/670642326661496866 : 200
[22h 36:9] GET /orders/1113927609215111188/offers/is-busied/670642326661496866 : 200
[22h 38:16] POST /auth : 200
[22h 38:19] GET /orders : 200
[22h 38:19] GET /tickets : 200
[22h 38:32] POST /orders : 200
[22h 38:42] GET /orders/1113929592458199081/offers/as-offer/670642326661496866 : 200
[22h 38:42] GET /orders/1113929592458199081/offers/is-busied/670642326661496866 : 200
[22h 38:42] PUT /orders/1113929592458199081/offers/busy : 200
[22h 38:51] POST /auth : 200
[22h 38:54] GET /orders : 200
[22h 39:5] POST /auth : 200
[22h 39:8] GET /orders : 200
[22h 39:8] GET /tickets : 200
[22h 39:19] POST /orders : 200
[22h 39:25] GET /orders/1113929791456952442/offers/as-offer/670642326661496866 : 200
[22h 39:25] GET /orders/1113929791456952442/offers/is-busied/670642326661496866 : 200
[22h 39:25] PUT /orders/1113929791456952442/offers/busy : 200
[22h 39:59] POST /auth : 200
[22h 40:2] GET /orders : 200
[22h 40:2] GET /tickets : 200
[22h 40:4] GET /orders/1113929791456952442/offers/as-offer/670642326661496866 : 200
[22h 40:4] GET /orders/1113929791456952442/offers/is-busied/670642326661496866 : 200
[22h 40:13] GET /orders/1113929791456952442/offers/as-offer/670642326661496866 : 200
[22h 40:13] GET /orders/1113929791456952442/offers/is-busied/670642326661496866 : 200
[22h 40:29] POST /auth : 200
[22h 40:32] GET /orders : 200
[22h 40:32] GET /tickets : 200
[22h 40:42] POST /orders : 200
[22h 40:54] POST /auth : 200
[22h 40:57] GET /orders : 200
[22h 40:57] GET /tickets : 200
[22h 41:5] POST /orders : 200
[22h 41:11] GET /orders/1113930237160468602/offers/as-offer/670642326661496866 : 200
[22h 41:11] GET /orders/1113930237160468602/offers/is-busied/670642326661496866 : 200
[22h 41:11] PUT /orders/1113930237160468602/offers/busy : 200
[22h 41:22] POST /auth : 200
[22h 41:25] GET /orders : 200
[22h 41:26] GET /tickets : 200
[22h 41:27] GET /orders/1113930237160468602/offers/as-offer/670642326661496866 : 200
[22h 41:27] GET /orders/1113930237160468602/offers/is-busied/670642326661496866 : 200
[22h 42:10] POST /auth : 200
[22h 42:13] GET /orders : 200
[22h 42:13] GET /tickets : 200
[22h 42:42] POST /auth : 200
[22h 42:45] GET /orders : 200
[22h 42:45] GET /tickets : 200
[22h 44:11] POST /auth : 200
[22h 44:14] GET /orders : 200
[22h 44:14] GET /tickets : 200
[22h 44:21] POST /orders : 200
[22h 44:29] GET /orders/1113931059441184880/offers/as-offer/670642326661496866 : 200
[22h 44:29] GET /orders/1113931059441184880/offers/is-busied/670642326661496866 : 200
[22h 44:29] PUT /orders/1113931059441184880/offers/busy : 200
[22h 46:14] POST /auth : 200
[22h 46:16] GET /orders : 200
[22h 46:16] GET /tickets : 200
[22h 46:24] POST /orders : 200
[22h 46:29] GET /orders/1113931575055356025/offers/as-offer/670642326661496866 : 200
[22h 46:29] GET /orders/1113931575055356025/offers/is-busied/670642326661496866 : 200
[22h 46:29] PUT /orders/1113931575055356025/offers/busy : 500
[22h 47:33] POST /auth : 200
[22h 47:36] GET /orders : 200
[22h 47:36] GET /tickets : 200
[22h 47:38] GET /orders/1113931575055356025/offers/as-offer/670642326661496866 : 200
[22h 47:38] GET /orders/1113931575055356025/offers/is-busied/670642326661496866 : 200
[22h 47:57] POST /auth : 200
[22h 48:0] GET /orders : 200
[22h 48:0] GET /tickets : 200
[22h 48:8] POST /orders : 200
[22h 48:12] GET /orders/1113932013964103832/offers/as-offer/670642326661496866 : 200
[22h 48:12] GET /orders/1113932013964103832/offers/is-busied/670642326661496866 : 200
[22h 48:12] PUT /orders/1113932013964103832/offers/busy : 200
[22h 48:44] POST /auth : 200
[22h 48:54] POST /auth : 200
[22h 48:57] GET /orders : 200
[22h 48:57] GET /tickets : 200
[22h 49:1] POST /orders : 200
[22h 49:4] GET /orders/1113932232239894538/offers/as-offer/670642326661496866 : 200
[22h 49:4] GET /orders/1113932232239894538/offers/is-busied/670642326661496866 : 200
[22h 49:4] PUT /orders/1113932232239894538/offers/busy : 200
[22h 49:51] POST /auth : 200
[22h 49:54] GET /orders : 200
[22h 49:54] GET /tickets : 200
[22h 50:4] POST /orders : 200
[22h 50:7] GET /orders/1113932496074182768/offers/as-offer/670642326661496866 : 200
[22h 50:7] GET /orders/1113932496074182768/offers/is-busied/670642326661496866 : 200
[22h 50:7] PUT /orders/1113932496074182768/offers/busy : 200
[22h 50:23] POST /auth : 200
[22h 50:26] GET /orders : 200
[22h 50:26] GET /tickets : 200
[22h 50:35] POST /orders : 200
[22h 50:40] GET /orders/1113932630191243314/offers/as-offer/670642326661496866 : 200
[22h 50:40] GET /orders/1113932630191243314/offers/is-busied/670642326661496866 : 200
[22h 50:40] PUT /orders/1113932630191243314/offers/busy : 200
[22h 50:42] GET /orders/1113932630191243314/offers/as-offer/670642326661496866 : 200
[22h 50:42] GET /orders/1113932630191243314/offers/is-busied/670642326661496866 : 200
[22h 50:46] GET /orders/1113932630191243314/offers/as-offer/670642326661496866 : 200
[22h 50:46] GET /orders/1113932630191243314/offers/is-busied/670642326661496866 : 200
[22h 51:2] POST /auth : 200
[22h 51:5] GET /orders : 200
[22h 51:5] GET /tickets : 200
[22h 51:14] POST /orders : 200
[22h 51:18] GET /orders/1113932789616738364/offers/as-offer/670642326661496866 : 200
[22h 51:18] GET /orders/1113932789616738364/offers/is-busied/670642326661496866 : 200
[22h 51:23] POST /orders/offers/1113932789616738364 : 200
[22h 51:26] GET /orders/1113932789616738364/offers/as-offer/670642326661496866 : 200
[22h 51:28] GET /orders/1113932789616738364/offers/as-offer/670642326661496866 : 200
[22h 51:43] GET /orders/offers/a68a24e0deaa : 200
[22h 51:44] POST /orders/offers/a68a24e0deaa/accept : 200
[22h 53:27] POST /auth : 200
[22h 53:30] GET /orders : 200
[22h 53:30] GET /tickets : 200
[22h 53:40] POST /auth : 200
[22h 53:43] GET /orders : 200
[22h 53:43] GET /tickets : 200
[22h 53:50] POST /orders : 200
[22h 53:55] GET /orders/1113933447937933362/offers/as-offer/670642326661496866 : 200
[22h 53:55] GET /orders/1113933447937933362/offers/is-busied/670642326661496866 : 200
[22h 53:57] POST /orders/offers/1113933447937933362 : 200
[22h 54:1] GET /orders/offers/f8b3b868a42e : 200
[22h 54:2] POST /orders/offers/f8b3b868a42e/accept : 200
