[18h 3:38] POST /auth : 200
[18h 3:41] GET /orders : 200
[18h 3:41] GET /banques : 200
[18h 3:42] GET /tickets : 200
[18h 6:7] POST /auth : 200
[18h 6:10] GET /orders : 200
[18h 6:10] GET /banques : 200
[18h 6:10] GET /tickets : 200
[18h 12:46] POST /auth : 200
[18h 12:49] GET /orders : 200
[18h 12:49] GET /banques : 200
[18h 12:49] GET /tickets : 200
[18h 14:10] POST /auth : 200
[18h 14:13] GET /orders : 200
[18h 14:13] GET /banques : 200
[18h 14:13] GET /tickets : 200
[18h 14:38] POST /auth : 200
[18h 14:40] GET /orders : 200
[18h 14:40] GET /banques : 200
[18h 14:41] GET /tickets : 200
[18h 14:42] POST /banques : 200
[18h 15:8] PUT /banques/670642326661496866 : 404
[18h 17:4] POST /auth : 200
[18h 17:7] GET /orders : 200
[18h 17:7] GET /banques : 200
[18h 17:7] GET /tickets : 200
[18h 17:11] PUT /banques/670642326661496866 : 404
[18h 17:42] POST /auth : 200
[18h 17:45] GET /orders : 200
[18h 17:45] GET /banques : 200
[18h 17:45] GET /tickets : 200
[18h 17:46] PUT /banques/670642326661496866 : 200
[18h 19:49] POST /auth : 200
[18h 19:52] GET /orders : 200
[18h 19:52] GET /banques : 200
[18h 19:53] GET /tickets : 200
[18h 19:54] PUT /banques/670642326661496866/add : 200
[18h 23:55] POST /auth : 200
[18h 23:58] GET /orders : 200
[18h 23:58] GET /banques : 200
[18h 23:58] GET /tickets : 200
[18h 24:10] PUT /banques/670642326661496866/remove : 200
[18h 24:16] PUT /banques/670642326661496866/remove : 200
[18h 24:24] PUT /banques/670642326661496866/add : 200
[18h 26:5] POST /auth : 200
[18h 26:8] GET /orders : 200
[18h 26:8] GET /banques : 200
[18h 26:9] GET /tickets : 200
[18h 28:54] POST /auth : 200
[18h 28:57] GET /orders : 200
[18h 28:57] GET /banques : 200
[18h 28:57] GET /tickets : 200
[18h 29:20] POST /auth : 200
[18h 29:23] GET /orders : 200
[18h 29:23] GET /banques : 200
[18h 29:24] GET /tickets : 200
[18h 29:52] POST /auth : 200
[18h 29:55] GET /orders : 200
[18h 29:55] GET /banques : 200
[18h 29:55] GET /tickets : 200
[18h 31:5] POST /auth : 200
[18h 31:8] GET /orders : 200
[18h 31:8] GET /banques : 200
[18h 31:9] GET /tickets : 200
[18h 31:48] POST /auth : 200
[18h 31:51] GET /orders : 200
[18h 31:51] GET /banques : 200
[18h 31:51] GET /tickets : 200
[18h 33:41] POST /auth : 200
[18h 33:44] GET /orders : 200
[18h 33:44] GET /banques : 200
[18h 33:45] GET /tickets : 200
[18h 33:55] POST /banques : 200
[18h 35:12] POST /auth : 200
[18h 35:29] POST /auth : 200
[18h 35:31] GET /orders : 200
[18h 35:31] GET /banques : 200
[18h 35:32] GET /tickets : 200
[18h 35:44] PUT /banques/670642326661496866/add : 200
[18h 37:21] POST /auth : 200
[18h 37:24] GET /orders : 200
[18h 37:24] GET /banques : 200
[18h 37:25] GET /tickets : 200
[18h 38:7] POST /auth : 200
[18h 38:10] GET /orders : 200
[18h 38:10] GET /banques : 200
[18h 38:10] GET /tickets : 200
[18h 38:43] POST /auth : 200
[18h 38:46] GET /orders : 200
[18h 38:46] GET /banques : 200
[18h 38:46] GET /tickets : 200
[18h 39:24] POST /auth : 200
[18h 39:27] GET /orders : 200
[18h 39:27] GET /banques : 200
[18h 39:27] GET /tickets : 200
[18h 39:42] PUT /banques/849594300126855189/add : 200
[18h 43:23] POST /auth : 200
[18h 43:26] GET /orders : 200
[18h 43:26] GET /banques : 200
[18h 43:26] GET /tickets : 200
[18h 43:50] POST /auth : 200
[18h 44:47] POST /auth : 200
[18h 44:50] GET /orders : 200
[18h 44:50] GET /banques : 200
[18h 44:50] GET /tickets : 200
[18h 45:30] POST /auth : 200
[18h 46:1] POST /auth : 200
[18h 49:52] POST /auth : 200
[18h 49:55] GET /orders : 200
[18h 49:55] GET /banques : 200
[18h 49:56] GET /tickets : 200
