[23h 47:31] POST /auth : 200
[23h 47:34] GET /orders : 200
[23h 47:34] GET /banques : 200
[23h 47:34] GET /tickets : 200
[23h 48:30] POST /auth : 200
[23h 48:33] GET /orders : 200
[23h 48:33] GET /banques : 200
[23h 48:33] GET /tickets : 200
[23h 48:38] POST /auth : 200
[23h 48:41] GET /orders : 200
[23h 48:41] GET /banques : 200
[23h 48:41] GET /tickets : 200
[23h 48:49] POST /orders : 200
[23h 49:4] DESTROY /orders/1117933550981894164 : 200
[23h 49:50] POST /auth : 200
[23h 49:53] GET /orders : 200
[23h 49:53] GET /banques : 200
[23h 49:53] GET /tickets : 200
[23h 50:7] POST /orders : 200
[23h 50:13] GET /orders/1117933875197399160/offers/as-offer/670642326661496866 : 200
[23h 50:13] GET /orders/1117933875197399160/offers/is-busied/670642326661496866 : 200
[23h 50:13] PUT /orders/1117933875197399160/offers/busy : 200
[23h 50:21] DESTROY /orders/1117933875197399160 : 200
[23h 58:45] POST /orders : 200
[23h 58:50] GET /orders/1117936050610913330/offers/as-offer/670642326661496866 : 200
[23h 58:53] POST /orders/offers/1117936050610913330 : 200
[23h 59:29] POST /auth : 200
[23h 59:32] GET /orders : 200
[23h 59:32] GET /banques : 200
[23h 59:32] GET /tickets : 200
[23h 59:37] POST /auth : 200
[23h 59:40] GET /orders : 200
[23h 59:40] GET /banques : 200
[23h 59:40] GET /tickets : 200
[23h 59:46] POST /orders : 200
[23h 59:50] GET /orders/1117936306861899818/offers/as-offer/670642326661496866 : 200
[23h 59:53] POST /orders/offers/1117936306861899818 : 200
