[13h 40:41] POST /auth : 200
[13h 40:44] GET /tickets : 200
[13h 40:50] POST /tickets : 422
[13h 41:5] POST /auth : 200
[13h 41:8] GET /tickets : 200
[13h 41:10] POST /tickets : 422
[13h 41:37] POST /auth : 200
[13h 41:40] GET /tickets : 200
[13h 41:43] POST /tickets : 422
[13h 43:6] POST /auth : 200
[13h 43:9] GET /tickets : 200
[13h 43:12] POST /tickets : 200
[13h 44:26] POST /auth : 200
[13h 44:28] GET /tickets : 200
[13h 44:34] POST /tickets : 500
[13h 45:48] POST /auth : 200
[13h 45:51] GET /tickets : 200
[13h 45:54] POST /tickets : 200
[13h 49:19] POST /auth : 200
[13h 49:22] GET /tickets : 200
[13h 49:36] POST /auth : 200
[13h 49:39] GET /tickets : 200
[13h 49:58] POST /auth : 200
[13h 50:1] GET /tickets : 200
[13h 50:43] POST /auth : 200
[13h 50:45] GET /tickets : 200
[13h 50:46] DESTROY /tickets/1 : 400
[13h 51:16] POST /auth : 200
[13h 51:19] GET /tickets : 200
[13h 51:19] DESTROY /tickets/1 : 200
[13h 52:12] POST /auth : 200
[13h 52:14] GET /tickets : 200
[13h 52:14] DESTROY /tickets/1 : 200
[13h 52:49] POST /auth : 200
[13h 52:52] GET /tickets : 200
[13h 52:52] DESTROY /tickets/1 : 200
[13h 53:16] POST /orders : 422
[13h 53:35] POST /auth : 200
[13h 53:38] GET /tickets : 200
[13h 53:38] DESTROY /tickets/1 : 200
[13h 53:38] POST /orders : 422
[13h 54:53] POST /auth : 200
[13h 54:56] GET /tickets : 200
[13h 55:1] POST /orders : 500
[13h 56:18] POST /auth : 200
[13h 56:21] GET /tickets : 200
[13h 56:23] POST /orders : 200
[13h 57:29] POST /auth : 200
[13h 57:32] GET /tickets : 200
[13h 57:46] POST /orders : 200
[14h 0:24] POST /auth : 200
[14h 0:26] GET /orders : 200
[14h 0:43] POST /auth : 200
[14h 0:46] GET /orders : 200
[14h 0:46] GET /tickets : 200
[14h 1:5] POST /tickets : 200
[14h 1:57] POST /auth : 200
[14h 2:0] GET /orders : 200
[14h 2:1] GET /tickets : 200
[14h 2:35] POST /auth : 200
[14h 2:37] GET /orders : 200
[14h 2:38] GET /tickets : 200
[14h 2:55] POST /auth : 200
[14h 2:58] GET /orders : 200
[14h 2:58] GET /tickets : 200
[14h 3:9] POST /orders : 200
