[17h 59:10] GET /tickets : 200
[17h 59:11] GET /invites : 200
[17h 59:11] GET /giveaways/ : 200
[17h 59:44] POST /invites : 200
[17h 59:44] POST /invites/670642326661496866/addinvite : 200
[18h 0:27] GET /tickets : 200
[18h 0:27] GET /giveaways/ : 200
[18h 0:27] GET /invites : 200
[18h 0:38] POST /invites/670642326661496866 : 404
[18h 1:11] GET /tickets : 200
[18h 1:11] GET /giveaways/ : 200
[18h 1:11] GET /invites : 200
[18h 1:13] POST /invites/670642326661496866 : 404
[18h 3:14] GET /tickets : 200
[18h 3:15] GET /invites : 200
[18h 3:15] GET /giveaways/ : 200
[18h 3:17] POST /invites/670642326661496866 : 404
[18h 4:8] GET /tickets : 200
[18h 4:8] GET /invites : 200
[18h 4:8] GET /giveaways/ : 200
[18h 4:10] POST /invites/670642326661496866 : 404
[18h 10:54] GET /tickets : 200
[18h 10:54] GET /invites : 200
[18h 10:54] GET /giveaways/ : 200
[18h 11:9] PUT /invites/670642326661496866 : before send
[18h 11:9] PUT /invites/670642326661496866 : after send (200)
[18h 11:29] POST /tickets/ : before send
[18h 11:30] POST /tickets/ : after send (200)
[18h 34:48] GET /invites : 200
[18h 34:48] GET /tickets : 200
[18h 34:48] GET /giveaways/ : 200
[18h 35:34] GET /tickets : 200
[18h 35:34] GET /invites : 200
[18h 35:34] GET /giveaways/ : 200
[18h 35:40] PUT /invites/670642326661496866 : before send
[18h 35:40] PUT /invites/670642326661496866 : after send (200)
[18h 37:10] GET /tickets : 200
[18h 37:10] GET /giveaways/ : 200
[18h 37:10] GET /invites : 200
[18h 48:3] GET /invites : 200
[18h 48:3] GET /tickets : 200
[18h 48:3] GET /giveaways/ : 200
[20h 18:4] GET /blacklists/bl : 404
