[17h 30:30] POST /auth : 200
[17h 30:33] GET /tickets : 200
[17h 30:59] POST /auth : 200
[17h 31:2] GET /tickets : 200
[17h 32:54] GET /link/islink/670642326661496866 : 200
[17h 32:54] POST /link/create : 200
[17h 33:16] POST /addchannels : 404
[17h 33:47] POST /auth : 200
[17h 33:49] GET /tickets : 200
[17h 34:9] POST /rush/addchannels : 302
[17h 34:48] POST /auth : 200
[17h 34:51] GET /tickets : 200
[17h 35:10] POST /rush/addchannels : 302
[17h 37:9] POST /auth : 200
[17h 37:12] GET /tickets : 200
[17h 37:40] POST /rush/addchannels : 302
[17h 39:26] POST /auth : 200
[17h 39:28] GET /tickets : 200
[17h 39:45] POST /rush/addchannels : 302
[17h 42:5] POST /auth : 200
[17h 42:8] GET /tickets : 200
[17h 42:55] POST /rush/addchannels : 302
[17h 44:39] POST /auth : 200
[17h 44:42] GET /tickets : 200
[17h 48:33] POST /auth : 200
[17h 48:36] GET /tickets : 200
[17h 48:54] POST /rush/addchannels : 302
[18h 2:7] POST /auth : 200
[18h 2:10] GET /tickets : 200
[18h 2:28] POST /rush/addchannels : 422
[18h 4:17] POST /auth : 200
[18h 4:20] GET /tickets : 200
[18h 4:36] POST /rush/addchannels : 422
[18h 10:38] POST /auth : 200
[18h 10:41] GET /tickets : 200
[18h 10:55] POST /rush/addchannels : 500
[18h 12:8] POST /auth : 200
[18h 12:11] GET /tickets : 200
[18h 12:32] POST /rush/addchannels/Rush-2 : 500
[18h 13:6] POST /auth : 200
[18h 13:9] GET /tickets : 200
[18h 13:27] POST /rush/addchannels/Rush-2 : 500
[18h 14:23] POST /auth : 200
[18h 14:26] GET /tickets : 200
[18h 15:4] GET /link/islink/670642326661496866 : 200
[18h 15:4] POST /link/create : 200
[18h 15:24] POST /rush/addchannels/Rush-2 : 200
[18h 58:38] POST /auth : 200
[18h 58:41] GET /tickets : 200
[18h 59:32] POST /auth : 200
[18h 59:35] GET /tickets : 200
[19h 0:55] POST /auth : 200
[19h 0:58] GET /tickets : 200
[19h 1:7] POST /rush/addchannels/Rush-2 : 200
[19h 1:54] POST /auth : 200
[19h 1:57] GET /tickets : 200
[19h 2:8] POST /auth : 200
[19h 2:11] GET /tickets : 200
[19h 2:27] POST /rush/addchannels/Rush-2 : 200
[19h 4:5] POST /auth : 200
[19h 4:7] GET /tickets : 200
[19h 4:14] POST /rush/addchannels/Rush-2 : 200
[19h 4:53] POST /auth : 200
[19h 4:56] GET /tickets : 200
[19h 5:8] POST /rush/addchannels/Rush-2 : 200
[19h 6:58] POST /auth : 200
[19h 7:1] GET /tickets : 200
[19h 7:9] GET /link/islink/670642326661496866 : 200
[19h 7:9] POST /link/create : 200
[19h 7:44] POST /rush/addchannels/Rush-2 : 500
[19h 9:20] POST /auth : 200
[19h 9:22] GET /tickets : 200
[19h 9:49] POST /auth : 200
[19h 9:52] GET /tickets : 200
[19h 10:7] GET /link/islink/670642326661496866 : 200
[19h 10:7] POST /link/create : 200
[19h 10:24] POST /rush/addchannels/Rush-2 : 200
[19h 11:54] POST /auth : 200
[19h 11:57] GET /tickets : 200
[19h 14:36] POST /auth : 200
[19h 14:42] POST /auth : 200
[19h 14:45] GET /tickets : 200
[19h 14:52] POST /auth : 200
[19h 14:55] GET /tickets : 200
[19h 15:1] POST /rush/addchannels/Rush-2 : 200
[19h 15:26] POST /auth : 200
[19h 15:29] GET /tickets : 200
[19h 15:45] POST /rush/addchannels/Rush-2 : 200
[21h 11:7] POST /auth : 200
[21h 11:10] GET /tickets : 200
[21h 11:16] POST /rush/addchannels/Rush-2 : 200
[21h 11:56] POST /rush/addchannels/Rush-2 : 200
[21h 21:33] POST /rush/addchannels/Rush-2 : 200
[21h 21:59] POST /rush/addchannels/Rush-2 : 200
[21h 33:38] POST /rush/addchannels/Rush-2 : 200
[21h 34:21] POST /rush/addchannels/Rush-2 : 200
[21h 37:9] POST /rush/addchannels/Rush-2 : 200
