[17h 2:18] POST /auth : 200
[17h 2:20] GET /orders : 200
[17h 3:34] POST /auth : 200
[17h 3:37] GET /orders : 200
[17h 3:48] POST /auth : 200
[17h 3:51] GET /orders : 200
[17h 3:52] GET /tickets : 200
[17h 4:1] POST /auth : 200
[17h 4:4] GET /orders : 200
[17h 4:4] GET /tickets : 200
[17h 4:14] POST /orders : 200
[17h 4:19] GET /orders/1114207855038439515/offers/as-offer/670642326661496866 : 200
[17h 4:23] POST /orders/offers/1114207855038439515 : 200
[17h 4:28] GET /orders/offers/986a1646c0da : 200
[17h 4:29] DESTROY /orders/offers/986a1646c0da/refuse : 200
[17h 6:32] POST /auth : 200
[17h 6:35] GET /orders : 200
[17h 6:35] GET /tickets : 200
[17h 8:53] POST /auth : 200
[17h 8:56] GET /orders : 200
[17h 8:56] GET /tickets : 200
[17h 11:10] POST /auth : 200
[17h 11:13] GET /orders : 200
[17h 11:13] GET /tickets : 200
[17h 11:14] GET /orders/1114207855038439515/offers/as-offer/670642326661496866 : 200
[17h 11:16] POST /orders/offers/1114207855038439515 : 200
[17h 11:20] GET /orders/offers/6361769b21eb : 200
[17h 11:21] DESTROY /orders/offers/6361769b21eb/refuse : 200
