[20h 12:36] POST /auth : 500
[20h 13:11] POST /auth : 200
[20h 13:14] GET /orders : 200
[20h 13:14] GET /banques : 200
[20h 13:14] GET /users : 200
[20h 13:14] GET /tickets : 200
[20h 13:35] POST /orders : 200
[20h 13:52] GET /orders/1120778484235640882/offers/as-offer/670642326661496866 : 200
[20h 13:52] GET /orders/1120778484235640882/offers/is-busied/670642326661496866 : 200
[20h 13:52] PUT /orders/1120778484235640882/offers/busy : 200
[20h 13:57] GET /orders/1120778484235640882/offers/as-offer/670642326661496866 : 200
[20h 14:5] GET /orders/1120778484235640882/offers/as-offer/670642326661496866 : 200
[20h 14:14] POST /orders/offers/1120778484235640882 : 200
[20h 14:47] GET /orders/1120778484235640882/offers : 200
[20h 14:50] GET /orders/offers/18505dae3ae9 : 200
[20h 15:58] POST /auth : 200
[20h 16:1] GET /orders : 200
[20h 16:1] GET /users : 200
[20h 16:1] GET /banques : 200
[20h 16:2] GET /tickets : 200
[20h 22:4] POST /auth : 200
[20h 22:5] GET /orders/1120778484235640882/offers : 200
[20h 22:18] POST /auth : 200
[20h 22:21] GET /orders : 200
[20h 22:21] GET /banques : 200
[20h 22:21] GET /users : 200
[20h 22:22] GET /tickets : 200
[20h 22:24] GET /orders/1120778484235640882/offers : 200
[20h 22:27] GET /orders/offers/18505dae3ae9 : 200
[20h 30:55] POST /auth : 200
[20h 30:58] GET /orders : 200
[20h 30:58] GET /banques : 200
[20h 30:58] GET /users : 200
[20h 30:58] GET /tickets : 200
[20h 31:0] GET /orders/offers/18505dae3ae9 : 200
[20h 31:54] POST /auth : 200
[20h 31:57] GET /banques : 200
[20h 31:57] GET /orders : 200
[20h 31:57] GET /users : 200
[20h 31:57] GET /tickets : 200
[20h 31:59] GET /orders/offers/18505dae3ae9 : 200
[20h 32:43] POST /auth : 200
[20h 32:46] GET /banques : 200
[20h 32:46] GET /orders : 200
[20h 32:46] GET /users : 200
[20h 32:46] GET /tickets : 200
[20h 32:48] GET /orders/offers/18505dae3ae9 : 200
[20h 36:35] POST /auth : 200
[20h 36:38] GET /orders : 200
[20h 36:38] GET /banques : 200
[20h 36:38] GET /users : 200
[20h 36:39] GET /tickets : 200
[20h 36:40] GET /orders/offers/18505dae3ae9 : 200
[21h 1:23] POST /auth : 200
[21h 1:26] GET /orders : 200
[21h 1:26] GET /users : 200
[21h 1:26] GET /banques : 200
[21h 1:26] GET /tickets : 200
[21h 1:30] GET /orders/offers/18505dae3ae9 : 200
[21h 1:30] POST /orders/offers/18505dae3ae9/accept : 200
[21h 1:46] GET /orders/offers/18505dae3ae9 : 200
[21h 1:47] POST /orders/offers/18505dae3ae9/accept : 400
[21h 2:24] POST /auth : 200
[21h 2:27] GET /orders : 200
[21h 2:27] GET /banques : 200
[21h 2:27] GET /users : 200
[21h 2:28] GET /tickets : 200
[21h 2:38] DESTROY /orders/1120778484235640882 : 200
[21h 3:20] POST /auth : 200
[21h 3:23] GET /orders : 200
[21h 3:23] GET /banques : 200
[21h 3:23] GET /users : 200
[21h 3:23] GET /tickets : 200
[21h 4:16] POST /auth : 200
[21h 4:19] GET /orders : 200
[21h 4:19] GET /banques : 200
[21h 4:19] GET /users : 200
[21h 4:19] GET /tickets : 200
[21h 4:31] POST /orders : 200
[21h 4:37] GET /orders/1120791304197111898/offers/as-offer/670642326661496866 : 200
[21h 4:40] POST /orders/offers/1120791304197111898 : 200
[21h 4:44] GET /orders/1120791304197111898/offers : 200
[21h 4:47] GET /orders/offers/44b77ccabe6f : 200
[21h 4:47] POST /orders/offers/44b77ccabe6f/accept : 200
[21h 5:18] POST /auth : 200
[21h 5:28] POST /auth : 200
[21h 5:31] GET /orders : 200
[21h 5:31] GET /banques : 200
[21h 5:31] GET /tickets : 200
[21h 5:31] GET /users : 200
[21h 5:40] POST /orders : 200
[21h 5:45] GET /orders/1120791595218898974/offers/as-offer/670642326661496866 : 200
[21h 5:47] POST /orders/offers/1120791595218898974 : 200
[21h 5:51] GET /orders/1120791595218898974/offers : 200
[21h 5:53] GET /orders/offers/ae62c137e5be : 200
[21h 5:56] POST /orders/offers/ae62c137e5be/accept : 200
