[0h 1:16] POST /auth (200)
[0h 1:19] GET /tickets : 200
[0h 1:19] GET /invites : 200
[0h 1:20] GET /giveaways/ : 200
[0h 1:34] GET /link/islink/670642326661496866 : 200
[0h 1:34] POST /link/create (200)
[0h 1:53] GET /jobs/670642326661496866 : 200
[0h 2:53] DESTROY /staffconnexion/670642326661496866 : 200
[11h 14:1] POST /auth (200)
[11h 14:4] GET /tickets : 200
[11h 14:4] GET /invites : 200
[11h 14:4] GET /giveaways/ : 200
[11h 14:13] DESTROY /staffconnexion/670642326661496866 : 200
[11h 16:12] POST /auth (200)
[11h 16:14] GET /tickets : 200
[11h 16:14] GET /invites : 200
[11h 16:15] GET /giveaways/ : 200
[11h 16:16] DESTROY /staffconnexion/670642326661496866 : 200
[11h 31:22] DESTROY /staffconnexion/670642326661496866 : 200
[11h 33:55] DESTROY /staffconnexion/670642326661496866 : 200
[13h 33:13] POST /auth (200)
[13h 33:15] GET /tickets : 200
[13h 33:15] GET /invites : 200
[13h 33:15] GET /giveaways/ : 200
[13h 34:1] POST /auth (200)
[13h 34:4] GET /tickets : 200
[13h 34:4] GET /invites : 200
[13h 34:4] GET /giveaways/ : 200
