[15h 33:24] POST /auth : before send
[15h 33:24] POST /auth : after send (404)
[15h 34:50] POST /auth : before send
[15h 34:51] POST /auth : after send (200)
[15h 36:35] POST /auth : before send
[15h 36:35] POST /auth : after send (200)
[15h 37:44] POST /auth : before send
[15h 37:44] POST /auth : after send (200)
[15h 37:47] GET /tickets : 200
[16h 4:34] POST /auth : before send
[16h 4:34] POST /auth : after send (200)
[16h 4:37] GET /tickets : 200
[16h 4:48] POST /link/create : before send
[16h 4:48] POST /link/create : after send (200)
[16h 5:46] POST /auth : before send
[16h 5:46] POST /auth : after send (200)
[16h 5:49] GET /tickets : 200
[16h 7:12] POST /auth : before send
[16h 7:12] POST /auth : after send (200)
[16h 7:15] GET /tickets : 200
[16h 7:22] POST /link/create : before send
[16h 7:22] POST /link/create : after send (200)
[16h 9:28] POST /auth : before send
[16h 9:28] POST /auth : after send (200)
[16h 9:31] GET /tickets : 200
[16h 13:27] POST /auth : before send
[16h 13:27] POST /auth : after send (200)
[16h 13:30] GET /tickets : 200
[16h 13:56] POST /auth : before send
[16h 13:56] POST /auth : after send (200)
[16h 13:59] GET /tickets : 200
[16h 14:32] POST /auth : before send
[16h 14:32] POST /auth : after send (200)
[16h 14:35] GET /tickets : 200
[16h 14:41] POST /link/create : before send
[16h 14:41] POST /link/create : after send (200)
[16h 15:17] POST /auth : before send
[16h 15:17] POST /auth : after send (200)
[16h 15:20] GET /tickets : 200
[16h 23:48] POST /auth : before send
[16h 23:49] POST /auth : after send (200)
[16h 23:51] GET /tickets : 200
[16h 25:27] POST /auth : before send
[16h 25:27] POST /auth : after send (200)
[16h 25:30] GET /tickets : 200
[16h 26:8] POST /auth : before send
[16h 26:8] POST /auth : after send (200)
[16h 26:11] GET /tickets : 200
[16h 26:31] POST /auth : before send
[16h 26:31] POST /auth : after send (200)
[16h 26:34] GET /tickets : 200
[16h 27:1] POST /auth : before send
[16h 27:1] POST /auth : after send (200)
[16h 27:4] GET /tickets : 200
[16h 27:38] POST /auth : before send
[16h 27:38] POST /auth : after send (200)
[16h 27:41] GET /tickets : 200
[16h 28:12] POST /auth : before send
[16h 28:12] POST /auth : after send (200)
[16h 28:15] GET /tickets : 200
[16h 29:37] POST /auth : before send
[16h 29:37] POST /auth : after send (200)
[16h 29:40] GET /tickets : 200
[16h 29:48] POST /link/create : before send
[16h 29:48] POST /link/create : after send (200)
[16h 32:9] POST /auth : before send
[16h 32:9] POST /auth : after send (200)
[16h 32:12] GET /tickets : 200
[16h 32:13] POST /link/create : before send
[16h 32:13] POST /link/create : after send (200)
[16h 34:17] POST /auth : before send
[16h 34:18] POST /auth : after send (200)
[16h 34:47] POST /auth : before send
[16h 34:47] POST /auth : after send (200)
[16h 34:50] GET /tickets : 200
[16h 35:0] POST /link/create : before send
[16h 35:0] POST /link/create : after send (200)
[16h 43:9] POST /link/create : before send
[16h 43:9] POST /link/create : after send (200)
[16h 43:34] POST /auth : before send
[16h 43:34] POST /auth : after send (200)
[16h 43:37] GET /tickets : 200
[16h 43:43] POST /link/create : before send
[16h 44:22] POST /auth : before send
[16h 44:22] POST /auth : after send (200)
[16h 44:25] GET /tickets : 200
[16h 44:27] POST /link/create : before send
[16h 44:27] POST /link/create : after send (200)
[18h 31:47] POST /auth : before send
[18h 31:48] POST /auth : after send (200)
[18h 31:50] GET /tickets : 200
[18h 33:9] POST /link/create : before send
[18h 33:9] POST /link/create : after send (200)
