[13h 48:52] POST /auth : 200
[13h 48:55] GET /orders : 200
[13h 48:55] GET /banques : 200
[13h 48:55] GET /users : 200
[13h 48:55] GET /tickets : 200
[13h 49:3] POST /auth : 200
[13h 49:6] GET /orders : 200
[13h 49:6] GET /banques : 200
[13h 49:6] GET /users : 200
[13h 49:7] GET /tickets : 200
[14h 1:33] DESTROY /orders/1120791595218898974 : 200
[14h 2:24] POST /orders : 200
[14h 2:36] GET /orders/1121409845208305694/offers/as-offer/670642326661496866 : 200
[14h 2:41] POST /orders/offers/1121409845208305694 : 200
[14h 4:39] POST /auth : 200
[14h 4:42] GET /banques : 200
[14h 4:42] GET /orders : 200
[14h 4:42] GET /users : 200
[14h 4:42] GET /tickets : 200
[14h 7:53] POST /orders : 200
[14h 8:2] GET /orders/1121411233162211431/offers/as-offer/670642326661496866 : 200
[14h 8:10] POST /orders/offers/1121411233162211431 : 200
[14h 8:54] GET /orders/1121411233162211431/offers : 200
[14h 10:23] GET /orders/offers/4d5201dd958f : 200
[14h 10:23] DESTROY /orders/offers/4d5201dd958f/refuse : 200
[14h 10:26] GET /orders/1121411233162211431/offers/as-offer/670642326661496866 : 200
[14h 10:33] POST /orders/offers/1121411233162211431 : 200
[14h 12:6] DESTROY /orders/1121409845208305694 : 200
[14h 13:10] GET /orders/offers/fadd522fbf01 : 200
[14h 13:11] POST /orders/offers/fadd522fbf01/accept : 200
[14h 17:3] POST /users : 200
[14h 17:3] PUT /users/670642326661496866 : 200
[14h 17:18] PUT /users/670642326661496866 : 200
[14h 17:25] POST /users : 200
[14h 18:35] POST /banques : 200
[14h 18:46] PUT /banques/670642326661496866/add : 200
[14h 19:24] PUT /banques/670642326661496866/remove : 200
[14h 19:48] POST /auth : 200
[14h 19:51] GET /orders : 200
[14h 19:51] GET /banques : 200
[14h 19:51] GET /users : 200
[14h 19:51] GET /tickets : 200
[14h 25:27] POST /auth : 200
[14h 25:30] GET /orders : 200
[14h 25:30] GET /banques : 200
[14h 25:30] GET /users : 200
[14h 25:30] GET /tickets : 200
[14h 25:37] PUT /banques/670642326661496866/remove : 200
[14h 25:50] PUT /banques/670642326661496866/remove : 200
[14h 29:43] POST /auth : 200
[14h 29:46] GET /orders : 200
[14h 29:46] GET /banques : 200
[14h 29:46] GET /users : 200
[14h 29:46] GET /tickets : 200
[14h 29:48] PUT /banques/670642326661496866/remove : 200
[14h 31:14] POST /auth : 200
[14h 31:17] GET /orders : 200
[14h 31:17] GET /banques : 200
[14h 31:17] GET /users : 200
[14h 31:17] GET /tickets : 200
[14h 31:27] PUT /banques/670642326661496866/add : 200
[22h 3:30] POST /auth : 200
[22h 3:32] GET /orders : 200
[22h 3:33] GET /banques : 200
[22h 3:33] GET /users : 200
[22h 3:33] GET /tickets : 200
[22h 4:4] POST /auth : 200
[22h 4:7] GET /orders : 200
[22h 4:7] GET /banques : 200
[22h 4:7] GET /users : 200
[22h 4:8] GET /tickets : 200
[22h 5:33] POST /auth : 200
[22h 6:29] POST /auth : 200
[22h 6:32] GET /orders : 200
[22h 6:32] GET /banques : 200
[22h 6:32] GET /users : 200
[22h 6:32] GET /tickets : 200
[22h 7:38] POST /auth : 200
[22h 7:41] GET /banques : 200
[22h 7:41] GET /orders : 200
[22h 7:41] GET /users : 200
[22h 7:41] GET /tickets : 200
[22h 8:2] POST /auth : 200
[22h 8:5] GET /orders : 200
[22h 8:5] GET /banques : 200
[22h 8:5] GET /users : 200
[22h 8:5] GET /tickets : 200
[22h 8:26] POST /auth : 200
[22h 8:29] GET /orders : 200
[22h 8:29] GET /banques : 200
[22h 8:29] GET /users : 200
[22h 8:29] GET /tickets : 200
[22h 9:7] POST /auth : 200
[22h 9:10] GET /orders : 200
[22h 9:10] GET /users : 200
[22h 9:10] GET /banques : 200
[22h 9:11] GET /tickets : 200
[22h 9:27] POST /orders : 200
[22h 10:44] POST /auth : 200
[22h 10:47] GET /orders : 200
[22h 10:47] GET /users : 200
[22h 10:47] GET /banques : 200
[22h 10:47] GET /tickets : 200
[22h 12:31] POST /auth : 200
[22h 12:34] GET /orders : 200
[22h 12:34] GET /banques : 200
[22h 12:34] GET /users : 200
[22h 12:34] GET /tickets : 200
[22h 15:31] POST /auth : 200
[22h 15:34] GET /orders : 200
[22h 15:34] GET /banques : 200
[22h 15:34] GET /users : 200
[22h 15:34] GET /tickets : 200
[22h 16:26] POST /auth : 200
[22h 16:29] GET /orders : 200
[22h 16:29] GET /users : 200
[22h 16:29] GET /banques : 200
[22h 16:29] GET /tickets : 200
[22h 17:46] POST /auth : 200
[22h 17:49] GET /banques : 200
[22h 17:49] GET /orders : 200
[22h 17:49] GET /users : 200
[22h 17:50] GET /tickets : 200
[22h 18:1] POST /orders : 200
[22h 19:17] POST /auth : 200
[22h 19:20] GET /orders : 200
[22h 19:20] GET /users : 200
[22h 19:20] GET /banques : 200
[22h 19:20] GET /tickets : 200
[22h 19:32] POST /auth : 200
[22h 19:35] GET /orders : 200
[22h 19:35] GET /banques : 200
[22h 19:35] GET /users : 200
[22h 19:35] GET /tickets : 200
[22h 20:23] POST /auth : 200
[22h 20:26] GET /orders : 200
[22h 20:26] GET /banques : 200
[22h 20:26] GET /users : 200
[22h 20:26] GET /tickets : 200
[22h 20:44] POST /orders : 200
[22h 22:35] POST /auth : 200
[22h 22:38] GET /banques : 200
[22h 22:38] GET /orders : 200
[22h 22:38] GET /users : 200
[22h 22:38] GET /tickets : 200
[22h 22:50] POST /orders : 200
