[19h 3:23] POST /auth : before send
[19h 3:23] POST /auth : after send (200)
[19h 3:26] GET /tickets : 200
[19h 4:6] POST /auth : before send
[19h 4:6] POST /auth : after send (200)
[19h 4:9] GET /tickets : 200
[19h 4:17] POST /link/create : before send
[19h 4:17] POST /link/create : after send (200)
[20h 57:30] GET /tickets : 200
[20h 58:36] POST /auth : 200
[20h 58:39] GET /tickets : 200
[21h 10:31] POST /link/create : 200
[21h 10:34] POST /link/create : 200
[21h 12:13] POST /auth : 200
[21h 12:16] GET /tickets : 200
[21h 12:17] POST /link/create : 200
[21h 12:19] POST /link/create : 200
[21h 12:23] POST /link/create : 200
[21h 16:4] POST /auth : 200
[21h 16:7] GET /tickets : 200
[21h 16:9] GET /link/islink/670642326661496866 : 200
[21h 25:30] POST /auth : 200
[21h 25:33] GET /tickets : 200
[21h 26:39] POST /auth : 200
[21h 26:41] GET /tickets : 200
[21h 26:43] GET /link/islink/670642326661496866 : 200
[21h 26:43] DESTROY /link/unlink/670642326661496866 : 404
[21h 26:50] GET /link/islink/670642326661496866 : 200
[21h 27:22] GET /link/islink/670642326661496866 : 200
[21h 27:22] DESTROY /link/unlink/670642326661496866 : 404
[21h 27:52] POST /auth : 200
[21h 27:53] GET /link/islink/670642326661496866 : 200
[21h 27:53] DESTROY /link/unlink/670642326661496866 : 404
[21h 27:55] GET /tickets : 200
[21h 27:56] GET /link/islink/670642326661496866 : 200
[21h 28:58] POST /auth : 200
[21h 29:1] GET /tickets : 200
[21h 29:2] GET /link/islink/670642326661496866 : 200
[21h 29:2] DESTROY /link/unlink/670642326661496866 : 400
[21h 29:6] GET /link/islink/670642326661496866 : 200
[21h 32:16] POST /auth : 200
[21h 32:18] GET /link/islink/670642326661496866 : 200
[21h 32:18] DESTROY /link/unlink/670642326661496866 : 400
[21h 35:32] POST /auth : 200
[21h 35:35] GET /tickets : 200
[21h 35:37] GET /link/islink/670642326661496866 : 200
[21h 35:37] DESTROY /link/unlink/670642326661496866 : 200
[21h 35:40] GET /link/islink/670642326661496866 : 200
[21h 35:40] POST /link/create : 200
[21h 36:8] GET /link/islink/670642326661496866 : 200
[21h 44:10] POST /auth : 200
[21h 44:16] POST /auth : 200
[21h 44:19] GET /tickets : 200
[21h 48:26] POST /auth : 200
[21h 48:28] GET /link/islink/670642326661496866 : 200
[21h 48:29] GET /tickets : 200
[21h 48:36] GET /link/islink/670642326661496866 : 200
[21h 48:36] DESTROY /link/unlink/670642326661496866 : 200
[21h 48:39] GET /link/islink/670642326661496866 : 200
[21h 48:39] POST /link/create : 200
[21h 48:57] GET /link/islink/741315074030960651 : 200
[21h 48:57] POST /link/create : 200
[21h 49:22] GET /link/islink/741315074030960651 : 200
[21h 51:19] GET /link/islink/854441624724308029 : 200
[21h 51:24] GET /link/islink/741315074030960651 : 200
[21h 51:24] DESTROY /link/unlink/741315074030960651 : 200
[21h 51:32] GET /link/islink/670642326661496866 : 200
[21h 51:32] POST /link/create : 200
[21h 52:12] GET /link/islink/670642326661496866 : 200
[21h 52:13] DESTROY /link/unlink/670642326661496866 : 200
[21h 52:16] GET /link/islink/670642326661496866 : 200
[21h 52:16] POST /link/create : 200
