[18h 28:15] POST /auth : 200
[18h 28:18] GET /orders : 200
[18h 28:18] GET /tickets : 200
[18h 28:35] POST /orders : 200
[18h 28:53] POST /orders/offers/1110967590232260768 : 404
[18h 29:53] POST /auth : 200
[18h 29:56] GET /orders : 200
[18h 29:57] GET /tickets : 200
[18h 29:58] POST /orders/offers : 422
[18h 30:38] POST /auth : 200
[18h 30:41] GET /orders : 200
[18h 30:41] GET /tickets : 200
[18h 30:47] POST /orders/offers/1110967590232260768 : 422
[18h 33:22] POST /auth : 200
[18h 33:25] GET /orders : 200
[18h 33:25] GET /tickets : 200
[18h 33:32] POST /orders : 200
[18h 33:41] POST /orders/offers/1110968838129975327 : 500
[18h 35:2] POST /auth : 200
[18h 35:19] POST /auth : 200
[18h 35:21] GET /orders : 200
[18h 35:22] GET /tickets : 200
[18h 35:27] POST /orders : 200
[18h 35:37] POST /orders/offers/1110969321523511388 : 500
[18h 37:28] POST /auth : 200
[18h 37:31] GET /orders : 200
[18h 37:31] GET /tickets : 200
[18h 37:40] POST /orders : 200
[18h 37:48] POST /orders/offers/1110969880397750424 : 500
[18h 38:58] POST /auth : 200
[18h 39:1] GET /orders : 200
[18h 39:1] GET /tickets : 200
[18h 39:8] POST /orders : 200
[18h 39:18] POST /orders/offers/1110970248070430792 : 500
[18h 41:24] POST /auth : 200
[18h 41:27] GET /orders : 200
[18h 41:27] GET /tickets : 200
[18h 41:33] POST /orders : 200
[18h 41:39] POST /orders/offers/1110970853400789072 : 500
[18h 43:0] POST /auth : 200
[18h 43:3] GET /orders : 200
[18h 43:3] GET /tickets : 200
[18h 43:5] POST /orders/offers/1110970853400789072 : 200
[18h 43:22] POST /auth : 200
[18h 43:25] GET /orders : 200
[18h 43:25] GET /tickets : 200
[18h 43:26] POST /orders/offers/1110970853400789072 : 200
[18h 44:29] POST /auth : 200
[18h 44:32] GET /orders : 200
[18h 44:32] GET /tickets : 200
[18h 44:34] POST /orders/offers/1110970853400789072 : 200
[18h 45:20] POST /auth : 200
[18h 45:23] GET /orders : 200
[18h 45:23] GET /tickets : 200
[18h 45:25] GET /orders/offers/null : 404
[18h 46:2] POST /auth : 200
[18h 46:5] GET /orders : 200
[18h 46:5] GET /tickets : 200
[18h 46:7] GET /orders/offers/null : 404
[18h 47:1] POST /auth : 200
[18h 47:3] GET /orders : 200
[18h 47:4] GET /tickets : 200
[18h 47:8] POST /orders/offers/1110970853400789072 : 200
[18h 47:11] GET /orders/offers/1fa2cf424795 : 200
[18h 47:28] POST /auth : 200
[18h 47:31] GET /orders : 200
[18h 47:31] GET /tickets : 200
[18h 47:32] GET /orders/offers/1fa2cf424795 : 200
[18h 48:41] POST /auth : 200
[18h 48:44] GET /orders : 200
[18h 48:44] GET /tickets : 200
[18h 48:46] GET /orders/offers/1fa2cf424795 : 200
[18h 49:17] POST /auth : 200
[18h 49:18] GET /orders/offers/1fa2cf424795 : 200
[18h 51:48] POST /auth : 200
[18h 51:51] GET /orders : 200
[18h 51:52] GET /tickets : 200
[18h 51:53] GET /orders/offers/1fa2cf424795 : 500
[18h 53:50] POST /auth : 200
[18h 53:52] GET /orders/offers/1fa2cf424795 : 404
[18h 53:53] GET /orders : 200
[18h 53:53] GET /tickets : 200
[18h 53:57] GET /orders/offers/1fa2cf424795 : 404
[18h 54:28] POST /auth : 200
[18h 54:31] GET /orders : 200
[18h 54:31] GET /tickets : 200
[18h 54:34] POST /orders/offers/1110970853400789072 : 200
[18h 54:41] GET /orders/offers/c033eedc50fd : 200
[18h 55:46] POST /auth : 200
[18h 55:49] GET /orders : 200
[18h 55:50] GET /tickets : 200
[18h 55:52] GET /orders/offers/c033eedc50fd : 200
[18h 56:3] POST /auth : 200
[18h 56:6] GET /orders : 200
[18h 56:7] GET /tickets : 200
[18h 56:9] GET /orders/offers/c033eedc50fd : 200
[18h 56:9] PATCH /orders/offers/c033eedc50fd/accept : 404
[18h 57:13] POST /auth : 200
[18h 57:16] GET /orders : 200
[18h 57:16] GET /tickets : 200
[18h 57:17] GET /orders/offers/c033eedc50fd : 200
[18h 57:17] PUT /orders/offers/c033eedc50fd/accept : 400
[19h 0:27] POST /auth : 200
[19h 0:30] GET /orders : 200
[19h 0:30] GET /tickets : 200
[19h 0:31] GET /orders/offers/c033eedc50fd : 200
[19h 0:31] PUT /orders/offers/c033eedc50fd/accept : 400
[19h 0:48] GET /orders/offers/c033eedc50fd : 200
[19h 1:11] POST /auth : 200
[19h 1:13] GET /orders : 200
[19h 1:14] GET /tickets : 200
[19h 1:18] POST /orders/offers/1110970853400789072 : 200
[19h 1:25] GET /orders/offers/bb4f5b3b98a0 : 200
[19h 1:25] PUT /orders/offers/bb4f5b3b98a0/accept : 400
[19h 6:2] POST /auth : 200
[19h 6:5] GET /orders : 200
[19h 6:5] GET /tickets : 200
[19h 6:11] POST /orders : 200
[19h 6:16] POST /orders/offers/1110977053622284519 : 200
[19h 6:22] GET /orders/offers/c8a033850401 : 200
[19h 6:59] POST /auth : 200
[19h 7:2] GET /orders : 200
[19h 7:2] GET /tickets : 200
[19h 7:4] GET /orders/offers/c8a033850401 : 200
[19h 7:4] PUT /orders/offers/c8a033850401/accept : 400
[19h 8:2] POST /auth : 200
[19h 8:4] GET /orders : 200
[19h 8:5] GET /tickets : 200
[19h 8:7] GET /orders/offers/c8a033850401 : 200
[19h 8:8] PUT /orders/offers/c8a033850401/accept : 400
[19h 8:23] POST /auth : 200
[19h 8:29] POST /auth : 200
[19h 8:32] GET /orders : 200
[19h 8:32] GET /tickets : 200
[19h 8:34] GET /orders/offers/c8a033850401 : 200
[19h 8:34] PUT /orders/offers/c8a033850401/accept : 400
[19h 8:48] POST /auth : 200
[19h 8:50] GET /orders : 200
[19h 8:51] GET /tickets : 200
[19h 8:53] GET /orders/offers/c8a033850401 : 200
[19h 8:53] PUT /orders/offers/c8a033850401/accept : 400
[19h 10:6] POST /auth : 200
[19h 10:9] GET /orders : 200
[19h 10:9] GET /tickets : 200
[19h 10:14] POST /orders : 200
[19h 10:21] POST /orders/offers/1110978073685413918 : 200
[19h 10:24] GET /orders/offers/6f2566ed22be : 200
[19h 10:24] PUT /orders/offers/6f2566ed22be/accept : 400
[19h 11:40] POST /auth : 200
[19h 11:42] GET /orders : 200
[19h 11:43] GET /tickets : 200
[19h 12:2] GET /orders/offers/6f2566ed22be : 200
[19h 12:3] PUT /orders/offers/6f2566ed22be/accept : 400
[19h 12:26] POST /auth : 200
[19h 12:29] GET /orders : 200
[19h 12:29] GET /tickets : 200
[19h 12:35] POST /orders/offers/1110978073685413918 : 200
[19h 12:39] GET /orders/offers/51b5e8b5ad58 : 200
[19h 12:40] PUT /orders/offers/51b5e8b5ad58/accept : 400
[19h 23:17] POST /auth : 200
[19h 23:20] GET /orders : 200
[19h 23:20] GET /tickets : 200
[19h 23:28] POST /orders : 200
[19h 23:35] POST /orders/offers/1110981404805836931 : 200
[19h 23:39] GET /orders/offers/e0fca71554dd : 200
[19h 23:39] PUT /orders/offers/e0fca71554dd/accept : 400
[19h 24:33] POST /auth : 200
[19h 24:36] GET /orders : 200
[19h 24:36] GET /tickets : 200
[19h 24:45] POST /auth : 200
[19h 24:48] GET /orders : 200
[19h 24:48] GET /tickets : 200
[19h 25:8] POST /orders : 200
[19h 25:15] POST /orders/offers/1110981826266284185 : 200
[19h 25:19] GET /orders/offers/190886b9314a : 200
[19h 25:19] PUT /orders/offers/190886b9314a/accept : 400
[19h 26:0] POST /auth : 200
[19h 26:3] GET /orders : 200
[19h 26:3] GET /tickets : 200
[19h 26:5] GET /orders/offers/190886b9314a : 200
[19h 26:6] PUT /orders/offers/190886b9314a/accept : 400
[19h 26:41] POST /auth : 200
[19h 26:44] GET /orders : 200
[19h 26:44] GET /tickets : 200
[19h 26:46] GET /orders/offers/190886b9314a : 200
[19h 26:46] PUT /orders/offers/190886b9314a/accept : 400
[19h 27:34] POST /auth : 200
[19h 27:36] GET /orders/offers/190886b9314a : 200
[19h 27:36] POST /orders/offers/190886b9314a/accept : 400
[19h 27:36] GET /orders : 200
[19h 27:37] GET /tickets : 200
[19h 27:43] GET /orders/offers/190886b9314a : 200
[19h 27:44] POST /orders/offers/190886b9314a/accept : 400
[19h 29:16] POST /auth : 200
[19h 29:19] GET /orders : 200
[19h 29:19] GET /tickets : 200
[19h 29:21] GET /orders/offers/190886b9314a : 200
[19h 29:21] POST /orders/offers/accept/190886b9314a : 400
[19h 29:52] POST /auth : 200
[19h 29:55] GET /orders : 200
[19h 29:55] GET /tickets : 200
[19h 29:58] GET /orders/offers/190886b9314a : 200
[19h 29:59] POST /orders/offers/accept/190886b9314a : 400
[19h 30:11] POST /auth : 200
[19h 30:14] GET /orders : 200
[19h 30:15] GET /tickets : 200
[19h 30:16] GET /orders/offers/190886b9314a : 200
[19h 30:16] POST /orders/offers/accept/190886b9314a : 400
[19h 32:4] POST /auth : 200
[19h 32:6] GET /orders : 200
[19h 32:7] GET /tickets : 200
[19h 32:9] GET /orders/offers/190886b9314a : 200
[19h 32:9] PUT /orders/offers/accept/190886b9314a : 404
[19h 32:39] POST /auth : 200
[19h 32:41] GET /orders : 200
[19h 32:42] GET /tickets : 200
[19h 32:44] GET /orders/offers/190886b9314a : 200
[19h 32:45] POST /orders/offers/190886b9314a/accept : 200
[19h 32:59] POST /orders/offers/1110981826266284185 : 200
[19h 33:9] GET /orders/offers/bf0b59efa54d : 200
[19h 33:9] POST /orders/offers/bf0b59efa54d/accept : 400
[19h 35:45] POST /auth : 200
[19h 35:48] GET /orders : 200
[19h 35:49] GET /tickets : 200
[19h 37:55] POST /auth : 200
[19h 37:58] GET /orders : 200
[19h 37:58] GET /tickets : 200
[19h 38:11] POST /orders : 200
[19h 38:48] POST /orders/offers/1110985109659713596 : 200
[19h 38:51] GET /orders/offers/0f8717c22fa9 : 200
[19h 38:51] POST /orders/offers/0f8717c22fa9/accept : 200
[19h 43:6] POST /auth : 200
[19h 43:9] GET /orders : 200
[19h 43:9] GET /tickets : 200
[19h 43:11] GET /orders/offers/0f8717c22fa9 : 200
[19h 43:11] POST /orders/offers/0f8717c22fa9/accept : 400
[19h 43:37] POST /auth : 200
[19h 43:40] GET /orders : 200
[19h 43:40] GET /tickets : 200
[19h 43:52] POST /orders : 200
[19h 43:58] POST /orders/offers/1110986534523506729 : 200
[19h 44:2] GET /orders/offers/4875e266a030 : 200
[19h 44:2] POST /orders/offers/4875e266a030/accept : 200
[19h 45:36] POST /auth : 200
[19h 45:39] GET /orders : 200
[19h 45:39] GET /tickets : 200
[19h 45:50] POST /orders : 200
[19h 45:56] POST /orders/offers/1110987034190950540 : 200
[19h 45:59] GET /orders/offers/526211150735 : 200
[19h 45:59] POST /orders/offers/526211150735/accept : 200
[19h 46:19] POST /auth : 200
[19h 46:22] GET /orders : 200
[19h 46:23] GET /tickets : 200
[19h 46:25] GET /orders/offers/526211150735 : 200
[19h 46:26] POST /orders/offers/526211150735/accept : 400
[19h 49:21] POST /auth : 200
[19h 49:24] GET /orders : 200
[19h 49:24] GET /tickets : 200
[19h 49:30] POST /auth : 200
[19h 49:33] GET /orders : 200
[19h 49:33] GET /tickets : 200
[19h 49:42] POST /orders : 200
[19h 49:50] POST /orders/offers/1110988004903891024 : 200
[19h 50:22] POST /auth : 200
[19h 50:25] GET /orders : 200
[19h 50:25] GET /tickets : 200
[19h 50:29] GET /orders/offers/fe506654d330 : 200
[19h 50:30] DESTROY /orders/offers/fe506654d330} : 404
[19h 51:24] POST /auth : 200
[19h 51:27] GET /orders : 200
[19h 51:28] GET /tickets : 200
[19h 51:33] POST /orders/offers/1110988004903891024 : 200
[19h 51:44] GET /orders/offers/93eb8538d9e5 : 200
[19h 51:45] GET /orders/offers/93eb8538d9e5 : 200
[19h 51:45] DESTROY /orders/offers/93eb8538d9e5/refuse} : 404
[19h 51:56] POST /auth : 200
[19h 51:58] GET /orders : 200
[19h 51:59] GET /tickets : 200
[19h 52:3] POST /orders/offers/1110988004903891024 : 200
[19h 52:6] GET /orders/offers/0d38f4ca251b : 200
[19h 52:6] DESTROY /orders/offers/0d38f4ca251b/refuse : 400
[19h 52:25] POST /auth : 200
[19h 52:28] GET /orders : 200
[19h 52:28] GET /tickets : 200
[19h 52:37] POST /orders/offers/1110988004903891024 : 200
[19h 52:43] GET /orders/offers/80ca8ff687cf : 200
[19h 52:44] DESTROY /orders/offers/80ca8ff687cf/refuse : 200
[20h 0:46] POST /auth : 200
[20h 0:49] GET /orders : 200
[20h 0:50] GET /tickets : 200
