[23h 43:4] POST /auth : 200
[23h 43:7] GET /orders : 200
[23h 43:7] GET /banques : 200
[23h 43:7] GET /users : 200
[23h 44:48] POST /auth : 200
[23h 44:51] GET /orders : 200
[23h 44:51] GET /banques : 200
[23h 44:51] GET /users : 200
[23h 44:51] GET /tickets : 200
[23h 45:4] POST /orders : 500
[23h 45:37] POST /auth : 200
[23h 45:40] GET /orders : 200
[23h 45:40] GET /banques : 200
[23h 45:40] GET /users : 200
[23h 45:40] GET /tickets : 200
[23h 45:43] POST /orders : 200
[23h 46:0] GET /orders/1122281423064268860/offers/as-offer/670642326661496866 : 200
[23h 46:3] POST /orders/offers/1122281423064268860 : 200
[23h 46:7] GET /orders/offers/f10cd25cb273 : 200
[23h 46:8] POST /orders/offers/f10cd25cb273/accept : 200
[23h 48:59] DESTROY /orders/1122281423064268860 : 200
[23h 49:16] POST /orders : 200
[23h 49:43] POST /auth : 200
[23h 49:46] GET /orders : 200
[23h 49:46] GET /banques : 200
[23h 49:46] GET /users : 200
[23h 49:46] GET /tickets : 200
[23h 49:52] DESTROY /orders/1122282317721907410 : 200
[23h 50:5] POST /orders : 200
[23h 51:8] POST /auth : 200
[23h 51:11] GET /orders : 200
[23h 51:11] GET /banques : 200
[23h 51:11] GET /users : 200
[23h 51:11] GET /tickets : 200
[23h 51:14] POST /orders : 200
