[19h 3:32] POST /auth : 200
[19h 3:35] GET /orders : 200
[19h 3:35] GET /tickets : 200
[19h 3:43] POST /auth : 200
[19h 3:46] GET /orders : 200
[19h 3:46] GET /tickets : 200
[19h 3:48] POST /tickets : 200
[19h 4:3] POST /auth : 200
[19h 4:6] GET /orders : 200
[19h 4:6] GET /tickets : 200
[19h 5:1] POST /orders : 200
[19h 5:52] POST /orders/offers/1112063924309864559 : 200
[19h 6:16] GET /orders/offers/8b6e0f247277 : 200
[19h 6:16] DESTROY /orders/offers/8b6e0f247277/refuse : 200
[19h 6:30] POST /orders/offers/1112063924309864559 : 200
[19h 6:35] GET /orders/offers/7b9817ecc4a1 : 200
[19h 6:35] POST /orders/offers/7b9817ecc4a1/accept : 200
[19h 7:21] POST /auth : 200
[19h 7:24] GET /orders : 200
[19h 7:24] GET /tickets : 200
[19h 7:30] POST /orders : 200
[19h 7:35] POST /orders/offers/1112064550657871872 : 200
[19h 12:29] GET /orders/offers/ba9d96f84974 : 200
[19h 12:30] POST /orders/offers/ba9d96f84974/accept : 200
