[19h 2:26] POST /auth : 200
[19h 2:28] GET /orders : 200
[19h 2:43] POST /auth : 200
[19h 2:46] GET /orders : 200
[19h 2:46] GET /tickets : 200
[19h 2:55] POST /orders : 200
[19h 3:11] POST /orders/offers/1112425781856051260 : 200
[19h 4:49] POST /auth : 200
[19h 4:52] GET /orders : 200
[19h 4:52] GET /tickets : 200
[19h 5:8] POST /orders : 200
[19h 5:16] POST /orders/offers/1112426341678194878 : 200
[19h 25:37] POST /auth : 200
[19h 25:40] GET /orders : 200
[19h 25:40] GET /tickets : 200
[19h 25:41] GET /orders/1112426341678194878/offers/as-offer/670642326661496866 : 404
[19h 26:12] POST /auth : 200
[19h 26:15] GET /orders : 200
[19h 26:15] GET /tickets : 200
[19h 26:16] GET /orders/1112426341678194878/offers/as-offer/670642326661496866 : 404
[19h 27:4] POST /auth : 200
[19h 27:7] GET /orders : 200
[19h 27:7] GET /tickets : 200
[19h 27:9] GET /orders/1112426341678194878/offers/as-offer/670642326661496866 : 200
[19h 27:21] POST /auth : 200
[19h 27:24] GET /orders : 200
[19h 27:24] GET /tickets : 200
[19h 27:34] POST /orders : 200
[19h 27:38] GET /orders/1112431985634320445/offers/as-offer/670642326661496866 : 200
[19h 28:21] GET /orders/1112431985634320445/offers/as-offer/670642326661496866 : 200
[19h 28:25] POST /orders/offers/1112431985634320445 : 200
[19h 29:46] POST /auth : 200
[19h 29:49] GET /orders : 200
[19h 29:49] GET /tickets : 200
[19h 29:57] POST /orders : 200
[19h 30:2] GET /orders/1112432584450912287/offers/as-offer/670642326661496866 : 200
[19h 30:7] POST /orders/offers/1112432584450912287 : 200
[19h 31:20] POST /auth : 200
[19h 31:23] GET /orders : 200
[19h 31:23] GET /tickets : 200
[19h 31:31] POST /orders : 200
[19h 31:36] GET /orders/1112432979092979746/offers/as-offer/670642326661496866 : 200
[19h 31:40] POST /orders/offers/1112432979092979746 : 200
[19h 31:52] GET /orders/offers/2ba2e18bbe88 : 200
[19h 31:53] DESTROY /orders/offers/2ba2e18bbe88/refuse : 200
[19h 31:58] GET /orders/1112432979092979746/offers/as-offer/670642326661496866 : 200
[19h 32:4] POST /auth : 200
[19h 32:7] GET /orders : 200
[19h 32:8] GET /tickets : 200
[19h 32:10] GET /orders/1112432979092979746/offers/as-offer/670642326661496866 : 200
[19h 32:15] POST /orders/offers/1112432979092979746 : 200
