[16h 23:49] POST /auth : 200
[16h 23:52] GET /orders : 200
[16h 23:52] GET /tickets : 200
[16h 25:27] POST /auth : 200
[16h 25:30] GET /orders : 200
[16h 25:30] GET /tickets : 200
[16h 25:39] POST /orders : 200
[16h 25:42] GET /orders/1112748591405080697/offers/as-offer/670642326661496866 : 200
[16h 25:42] PUT /orders/1112748591405080697/busy : 404
[16h 25:48] GET /orders/1112748591405080697/offers/as-offer/670642326661496866 : 200
[16h 25:48] PUT /orders/1112748591405080697/busy : 404
[16h 26:15] POST /auth : 200
[16h 26:18] GET /orders : 200
[16h 26:18] GET /tickets : 200
[16h 26:20] GET /orders/1112748591405080697/offers/as-offer/670642326661496866 : 200
[16h 26:20] PUT /orders/1112748591405080697/busy : 404
[16h 26:54] POST /auth : 200
[16h 26:57] GET /orders : 200
[16h 26:57] GET /tickets : 200
[16h 26:58] GET /orders/1112748591405080697/offers/as-offer/670642326661496866 : 200
[16h 26:58] GET /orders/1112748591405080697/offers/is-busied/670642326661496866 : 200
[16h 26:58] PUT /orders/1112748591405080697/busy : 404
[16h 27:5] GET /orders/1112748591405080697/offers/as-offer/670642326661496866 : 200
[16h 27:5] GET /orders/1112748591405080697/offers/is-busied/670642326661496866 : 200
[16h 27:5] PUT /orders/1112748591405080697/busy : 404
[16h 28:2] POST /auth : 200
[16h 28:5] GET /orders : 200
[16h 28:5] GET /tickets : 200
[16h 28:33] GET /orders/1112748591405080697/offers/as-offer/670642326661496866 : 200
[16h 28:33] GET /orders/1112748591405080697/offers/is-busied/670642326661496866 : 200
[16h 28:33] PUT /orders/1112748591405080697/busy : 404
[16h 28:52] GET /orders/1112748591405080697/offers/as-offer/670642326661496866 : 200
[16h 28:52] GET /orders/1112748591405080697/offers/is-busied/670642326661496866 : 200
[16h 28:52] PUT /orders/1112748591405080697/busy : 404
[21h 20:12] POST /auth : 200
[21h 20:15] GET /orders : 200
[21h 20:15] GET /tickets : 200
[21h 20:17] GET /orders/1112748591405080697/offers/as-offer/670642326661496866 : 200
[21h 20:17] GET /orders/1112748591405080697/offers/is-busied/670642326661496866 : 200
[21h 20:17] PUT /orders/1112748591405080697/busy : 404
[21h 20:20] GET /orders/1112748591405080697/offers/as-offer/670642326661496866 : 200
[21h 20:20] GET /orders/1112748591405080697/offers/is-busied/670642326661496866 : 200
[21h 20:20] PUT /orders/1112748591405080697/busy : 404
[21h 20:54] POST /auth : 200
[21h 20:57] GET /orders : 200
[21h 20:57] GET /tickets : 200
[21h 21:0] GET /orders/1112748591405080697/offers/as-offer/670642326661496866 : 200
[21h 21:0] GET /orders/1112748591405080697/offers/is-busied/670642326661496866 : 200
[21h 21:0] PUT /orders/1112748591405080697/busy : 404
[21h 21:34] POST /auth : 200
[21h 21:37] GET /orders : 200
[21h 21:37] GET /tickets : 200
[21h 21:49] GET /orders/1112748591405080697/offers/as-offer/670642326661496866 : 200
[21h 21:49] GET /orders/1112748591405080697/offers/is-busied/670642326661496866 : 200
[21h 21:49] PUT /orders/1112748591405080697/offers/busy : 200
[21h 21:52] GET /orders/1112748591405080697/offers/as-offer/670642326661496866 : 200
[21h 21:52] GET /orders/1112748591405080697/offers/is-busied/670642326661496866 : 200
[21h 21:52] PUT /orders/1112748591405080697/offers/busy : 200
[21h 28:30] POST /auth : 200
[21h 28:33] GET /orders : 200
[21h 28:33] GET /tickets : 200
[21h 28:35] GET /orders/1112748591405080697/offers/as-offer/670642326661496866 : 200
[21h 28:35] GET /orders/1112748591405080697/offers/is-busied/670642326661496866 : 200
[21h 28:35] PUT /orders/1112748591405080697/offers/busy : 200
[21h 28:39] GET /orders/1112748591405080697/offers/as-offer/670642326661496866 : 200
[21h 28:39] GET /orders/1112748591405080697/offers/is-busied/670642326661496866 : 200
[21h 28:44] GET /orders/1112748591405080697/offers/as-offer/670642326661496866 : 200
[21h 28:44] GET /orders/1112748591405080697/offers/is-busied/670642326661496866 : 200
