[15h 19:35] POST /auth : 200
[15h 20:20] POST /auth : 200
[15h 20:23] GET /orders : 200
[15h 20:23] GET /tickets : 200
[16h 1:18] POST /auth (404)
[16h 2:21] POST /auth (200)
[16h 2:44] POST /auth (200)
[16h 2:47] GET /orders : 404
[16h 7:51] POST /auth (200)
[16h 11:44] POST /auth (200)
[16h 11:47] GET /tickets : 500
[16h 12:58] POST /auth (200)
[16h 13:1] GET /tickets : 200
[16h 13:40] POST /auth (200)
[16h 13:43] GET /tickets : 200
[16h 13:44] GET /invites : 200
[16h 13:44] GET /giveaways/ : 200
[16h 13:51] GET /link/islink/670642326661496866 : 200
[16h 13:51] POST /link/create (200)
[16h 16:48] POST /auth (200)
[16h 16:50] GET /tickets : 200
[16h 16:50] GET /invites : 200
[16h 16:50] GET /giveaways/ : 200
[16h 17:38] GET /link/islink/670642326661496866 : 200
[16h 17:38] POST /link/create (200)
[22h 0:15] POST /auth (200)
[22h 0:18] GET /tickets : 200
[22h 0:18] GET /invites : 200
[22h 0:18] GET /giveaways/ : 200
[22h 3:52] POST /auth (200)
[22h 3:55] GET /tickets : 200
[22h 3:55] GET /invites : 200
[22h 3:55] GET /giveaways/ : 200
[22h 24:50] GET /link/islink/670642326661496866 : 200
[22h 24:50] POST /link/create (200)
[22h 26:31] POST /auth (200)
[22h 26:33] GET /tickets : 200
[22h 26:33] GET /invites : 200
[22h 26:33] GET /giveaways/ : 200
[22h 27:48] GET /link/islink/670642326661496866 : 200
[22h 27:48] POST /link/create (200)
[22h 28:47] POST /auth (200)
[22h 28:50] GET /tickets : 200
[22h 28:50] GET /invites : 200
[22h 28:50] GET /giveaways/ : 200
[22h 30:1] GET /link/islink/670642326661496866 : 200
[22h 30:1] POST /link/create (200)
