[18h 1:7] POST /auth : 200
[18h 1:10] GET /orders : 200
[18h 1:10] GET /banques : 200
[18h 1:10] GET /users : 200
[18h 1:10] GET /tickets : 200
[18h 1:44] POST /orders : 200
[18h 2:25] GET /orders/1125456347002048634/offers/as-offer/670642326661496866 : 200
[18h 2:29] POST /orders/offers/1125456347002048634 : 200
[18h 2:33] GET /orders/offers/9ae1209f1b46 : 200
[18h 2:34] DESTROY /orders/offers/9ae1209f1b46/refuse : 200
[18h 2:43] GET /orders/1125456347002048634/offers : 200
[18h 2:57] POST /auth : 200
[18h 3:0] GET /orders : 200
[18h 3:0] GET /banques : 200
[18h 3:0] GET /users : 200
[18h 3:0] GET /tickets : 200
[18h 3:2] GET /orders/1125456347002048634/offers/as-offer/670642326661496866 : 200
[18h 3:6] POST /orders/offers/1125456347002048634 : 200
[18h 3:10] GET /orders/offers/c0e454eef8d2 : 200
[18h 3:11] DESTROY /orders/offers/c0e454eef8d2/refuse : 200
[18h 3:12] GET /orders/1125456347002048634/offers : 200
[18h 3:34] POST /auth : 200
[18h 3:37] GET /orders : 200
[18h 3:37] GET /banques : 200
[18h 3:37] GET /users : 200
[18h 3:37] GET /tickets : 200
[18h 3:39] GET /orders/1125456347002048634/offers/as-offer/670642326661496866 : 200
[18h 3:42] POST /orders/offers/1125456347002048634 : 200
[18h 3:45] GET /orders/1125456347002048634/offers : 200
[18h 3:57] GET /orders/offers/0edb5cfbf45d : 200
[18h 4:0] POST /orders/offers/0edb5cfbf45d/accept : 200
[18h 7:14] POST /users/670642326661496866/review : 200
[18h 7:14] PUT /users/670642326661496866 : 200
[18h 7:55] POST /users/670642326661496866/review : 200
[18h 7:55] PUT /users/670642326661496866 : 200
[18h 8:24] POST /users/670642326661496866/review : 200
[18h 8:24] PUT /users/670642326661496866 : 200
[18h 9:11] POST /banques : 200
[18h 10:10] POST /auth : 200
[18h 10:13] GET /orders : 200
[18h 10:13] GET /banques : 200
[18h 10:13] GET /users : 200
[18h 10:14] GET /tickets : 200
[18h 11:20] POST /auth : 200
[18h 11:23] GET /orders : 200
[18h 11:23] GET /banques : 200
[18h 11:23] GET /users : 200
[18h 11:23] GET /tickets : 200
[18h 11:33] POST /users : 200
[18h 11:33] POST /users/670642326661496866/review : 200
[18h 11:33] PUT /users/670642326661496866 : 200
[18h 11:42] POST /users/670642326661496866/review : 200
[18h 11:42] PUT /users/670642326661496866 : 200
[18h 12:5] POST /orders : 200
[18h 12:11] GET /orders/1125458950893092966/offers/as-offer/670642326661496866 : 200
[18h 12:15] POST /orders/offers/1125458950893092966 : 200
[18h 12:31] DESTROY /orders/1125458950893092966 : 200
[18h 20:37] POST /auth : 200
[18h 20:40] GET /orders : 200
[18h 20:40] GET /banques : 200
[18h 20:40] GET /users : 200
[18h 20:40] GET /tickets : 200
[18h 20:58] POST /orders : 200
[18h 21:6] DESTROY /orders/1125461184351588443 : 200
[18h 21:7] DESTROY /orders/1125461184351588443 : 200
[19h 5:54] POST /auth : 200
[19h 5:57] GET /banques : 200
[19h 5:57] GET /orders : 200
[19h 5:57] GET /users : 200
[19h 5:57] GET /tickets : 200
[19h 6:9] POST /orders : 200
[19h 6:14] GET /orders/1125472557999587328/offers/as-offer/670642326661496866 : 200
[19h 6:17] POST /orders/offers/1125472557999587328 : 200
[19h 7:31] POST /auth : 200
[19h 7:34] GET /orders : 200
[19h 7:34] GET /banques : 200
[19h 7:34] GET /users : 200
[19h 7:34] GET /tickets : 200
[19h 7:36] POST /orders/offers/1125472557999587328 : 200
[19h 7:48] DESTROY /orders/offers/57014d8e0825/refuse : 200
[19h 8:28] POST /auth : 200
[19h 8:31] GET /orders : 200
[19h 8:31] GET /banques : 200
[19h 8:31] GET /users : 200
[19h 8:31] GET /tickets : 200
[19h 9:49] POST /orders : 200
[19h 10:5] GET /orders/1125473478015987822/offers/as-offer/670642326661496866 : 200
[19h 10:7] POST /orders/offers/1125473478015987822 : 200
[19h 10:44] POST /auth : 200
[19h 10:47] GET /banques : 200
[19h 10:47] GET /orders : 200
[19h 10:47] GET /users : 200
[19h 10:47] GET /tickets : 200
[19h 11:1] POST /orders : 200
[19h 11:6] GET /orders/1125473784070152202/offers/as-offer/670642326661496866 : 200
[19h 11:10] POST /orders/offers/1125473784070152202 : 200
[19h 11:45] DESTROY /orders/offers/e6d9bfbe9910/refuse : 200
[19h 12:10] POST /auth : 200
[19h 12:13] GET /banques : 200
[19h 12:13] GET /orders : 200
[19h 12:13] GET /users : 200
[19h 12:13] GET /tickets : 200
[19h 12:34] GET /orders/1125473784070152202/offers/as-offer/670642326661496866 : 200
[19h 12:38] POST /orders/offers/1125473784070152202 : 200
[19h 12:46] DESTROY /orders/offers/1df103bb152c/refuse : 200
[19h 14:3] POST /auth : 200
[19h 14:6] GET /orders : 200
[19h 14:6] GET /banques : 200
[19h 14:6] GET /users : 200
[19h 14:6] GET /tickets : 200
[19h 14:9] GET /orders/1125473784070152202/offers/as-offer/670642326661496866 : 200
[19h 14:12] POST /orders/offers/1125473784070152202 : 200
[19h 14:17] DESTROY /orders/offers/bbc493bd95fe/refuse : 200
[19h 16:40] POST /auth : 200
[19h 16:43] GET /banques : 200
[19h 16:43] GET /orders : 200
[19h 16:43] GET /users : 200
[19h 16:43] GET /tickets : 200
[19h 16:49] DESTROY /orders/1125473784070152202 : 200
[19h 16:49] DESTROY /orders/1125473784070152202 : 200
[19h 17:37] POST /orders : 200
[19h 22:11] POST /auth : 200
[19h 22:14] GET /banques : 200
[19h 22:14] GET /orders : 200
[19h 22:14] GET /users : 200
[19h 22:14] GET /tickets : 200
[19h 22:31] POST /orders : 200
[19h 43:3] GET /orders/1125476675115810966/offers/as-offer/670642326661496866 : 200
[19h 43:7] POST /orders/offers/1125476675115810966 : 200
[19h 43:14] DESTROY /orders/offers/7d8874b7aebb/refuse : 200
[19h 43:24] GET /orders/1125476675115810966/offers/as-offer/670642326661496866 : 200
[19h 43:33] POST /orders/offers/1125476675115810966 : 200
[19h 43:45] POST /orders/offers/ef04fc67ee6c/accept : 200
[19h 43:45] PATCH /orders/1125476675115810966 : 404
[20h 12:51] POST /auth : 200
[20h 12:54] GET /orders : 200
[20h 12:54] GET /users : 200
[20h 12:54] GET /banques : 200
[20h 12:54] GET /tickets : 200
[20h 15:3] POST /auth : 200
[20h 15:6] GET /orders : 200
[20h 15:6] GET /banques : 200
[20h 15:6] GET /users : 200
[20h 15:37] POST /auth : 200
[20h 15:40] GET /orders : 200
[20h 15:40] GET /banques : 200
[20h 15:40] GET /users : 200
[20h 15:58] POST /auth : 200
[20h 16:1] GET /banques : 200
[20h 16:1] GET /users : 200
[20h 16:1] GET /orders : 200
[20h 16:18] POST /auth : 200
[20h 16:21] GET /orders : 200
[20h 16:21] GET /banques : 200
[20h 16:21] GET /users : 200
[20h 17:23] POST /auth : 200
[20h 17:26] GET /banques : 200
[20h 17:26] GET /orders : 200
[20h 17:26] GET /users : 200
[20h 20:33] POST /auth : 200
[20h 20:36] GET /banques : 200
[20h 20:36] GET /orders : 200
[20h 20:36] GET /users : 200
[20h 20:46] POST /auth : 200
[20h 20:49] GET /banques : 200
[20h 20:49] GET /orders : 200
[20h 20:49] GET /users : 200
[20h 21:6] POST /auth : 200
[20h 21:9] GET /orders : 200
[20h 21:9] GET /banques : 200
[20h 21:9] GET /users : 200
[20h 21:10] GET /tickets : 200
[20h 27:31] POST /auth : 200
[20h 27:34] GET /banques : 200
[20h 27:34] GET /orders : 200
[20h 27:34] GET /users : 200
[20h 27:34] GET /tickets : 200
[20h 27:39] DESTROY /orders/1125476675115810966 : 200
[20h 27:39] DESTROY /orders/1125476675115810966 : 200
