[9h 32:26] POST /auth : 200
[9h 32:29] GET /orders : 200
[9h 32:29] GET /tickets : 200
[9h 32:46] POST /orders : 200
[9h 32:51] GET /orders/1113007076038410282/offers/as-offer/670642326661496866 : 200
[9h 32:51] GET /orders/1113007076038410282/offers/is-busied/670642326661496866 : 200
[9h 32:51] PUT /orders/1113007076038410282/offers/busy : 200
[9h 34:31] POST /auth : 200
[9h 34:34] GET /orders : 200
[9h 34:34] GET /tickets : 200
[9h 34:47] POST /orders : 200
[9h 34:50] GET /orders/1113007582014079047/offers/as-offer/670642326661496866 : 200
[9h 34:50] GET /orders/1113007582014079047/offers/is-busied/670642326661496866 : 200
[9h 34:50] PUT /orders/1113007582014079047/offers/busy : 200
[9h 36:32] POST /auth : 200
[9h 36:35] GET /orders : 200
[9h 36:36] GET /tickets : 200
[9h 36:45] POST /auth : 200
[9h 36:48] GET /orders : 200
[9h 36:48] GET /tickets : 200
[9h 37:6] POST /orders : 200
[9h 37:12] GET /orders/1113008165068484638/offers/as-offer/670642326661496866 : 200
[9h 37:12] GET /orders/1113008165068484638/offers/is-busied/670642326661496866 : 200
[9h 37:12] PUT /orders/1113008165068484638/offers/busy : 200
[9h 43:44] POST /auth : 200
[9h 43:47] GET /orders : 200
[9h 43:47] GET /tickets : 200
[9h 43:55] POST /orders : 200
[9h 43:57] GET /orders/1113009880459120730/offers/as-offer/670642326661496866 : 200
[9h 43:57] GET /orders/1113009880459120730/offers/is-busied/670642326661496866 : 200
[9h 43:57] PUT /orders/1113009880459120730/offers/busy : 200
[9h 44:37] POST /auth : 200
[9h 44:40] GET /orders : 200
[9h 44:41] GET /tickets : 200
[9h 44:43] GET /orders/1113009880459120730/offers/as-offer/670642326661496866 : 200
[9h 44:43] GET /orders/1113009880459120730/offers/is-busied/670642326661496866 : 200
[9h 44:58] POST /auth : 200
[9h 45:1] GET /orders : 200
[9h 45:1] GET /tickets : 200
[9h 45:22] POST /orders : 200
[9h 45:28] GET /orders/1113010243807490068/offers/as-offer/670642326661496866 : 200
[9h 45:28] GET /orders/1113010243807490068/offers/is-busied/670642326661496866 : 200
[9h 45:28] PUT /orders/1113010243807490068/offers/busy : 200
[9h 45:49] POST /auth : 200
[9h 45:52] GET /orders : 200
[9h 45:52] GET /tickets : 200
[9h 45:59] POST /orders : 200
[9h 46:3] GET /orders/1113010401010012222/offers/as-offer/670642326661496866 : 200
[9h 46:3] GET /orders/1113010401010012222/offers/is-busied/670642326661496866 : 200
[9h 46:3] PUT /orders/1113010401010012222/offers/busy : 200
