[22h 59:25] GET /tickets : 200
[22h 59:25] GET /invites : 200
[22h 59:25] GET /giveaways/ : 200
[23h 0:2] GET /tickets : 200
[23h 0:2] GET /giveaways/ : 200
[23h 0:2] GET /invites : 200
[23h 10:55] GET /tickets : 200
[23h 10:55] DELETE /tickets/1091459541285208134 : before send
[23h 10:56] GET /invites : 200
[23h 10:56] GET /giveaways/ : 200
[23h 10:56] DELETE /tickets/1091459541285208134 : after send (301)
[23h 11:31] GET /invites : 200
[23h 11:31] GET /tickets : 200
[23h 11:31] GET /giveaways/ : 200
[23h 11:31] DELETE /tickets/1091459541285208134 : before send
[23h 11:31] DELETE /tickets/1091459541285208134 : after send (301)
[23h 13:5] GET /tickets : 200
[23h 13:5] DELETE /tickets/1091459541285208134 : before send
[23h 13:5] GET /giveaways/ : 200
[23h 13:5] GET /invites : 200
[23h 13:5] DELETE /tickets/1091459541285208134 : after send (200)
[23h 13:8] POST /tickets/ : 200
[23h 13:12] DELETE /tickets/1091470250513530974 : before send
[23h 13:12] DELETE /tickets/1091470250513530974 : before send
[23h 13:12] DELETE /tickets/1091470250513530974 : after send (200)
[23h 13:13] DELETE /tickets/1091470250513530974 : after send (200)
[23h 32:55] GET /tickets : 200
[23h 32:55] GET /giveaways/ : 200
[23h 32:55] GET /invites : 200
[23h 33:43] GET /tickets : 200
[23h 33:43] GET /giveaways/ : 200
[23h 33:43] GET /invites : 200
[23h 33:59] POST /tickets/ : 200
[23h 36:41] GET /invites : 200
[23h 36:41] GET /tickets : 200
[23h 36:41] GET /giveaways/ : 200
[23h 36:52] GET /tickets : 200
[23h 36:52] GET /giveaways/ : 200
[23h 36:52] GET /invites : 200
[23h 36:54] DELETE /tickets/1091475502960758875 : before send
[23h 36:54] DELETE /tickets/1091475502960758875 : after send (200)
