[18h 18:42] POST /auth (200)
[18h 18:44] GET /tickets : 200
[18h 18:44] GET /invites : 200
[18h 18:44] GET /giveaways/ : 200
[20h 48:56] POST /auth (200)
[20h 48:59] GET /tickets : 200
[20h 48:59] GET /giveaways/ : 200
[20h 48:59] GET /invites : 200
[20h 52:16] DESTROY /staffconnexion/670642326661496866 : 200
[21h 5:3] DESTROY /staffconnexion/670642326661496866 : 200
[21h 13:18] POST /auth (200)
[21h 13:20] GET /tickets : 200
[21h 13:21] GET /invites : 200
[21h 13:21] GET /giveaways/ : 200
[21h 13:37] POST /settings/set-emergency/true/true (200)
[21h 13:54] POST /auth (200)
[21h 13:56] POST /settings/set-emergency/true/true (200)
[21h 13:57] GET /tickets : 200
[21h 13:57] GET /invites : 200
[21h 13:57] GET /giveaways/ : 200
[21h 14:41] POST /auth (200)
[21h 14:42] POST /settings/set-emergency/true/true (200)
[21h 14:44] GET /tickets : 200
[21h 14:44] GET /invites : 200
[21h 14:44] GET /giveaways/ : 200
[21h 14:58] POST /auth (200)
[21h 14:59] POST /settings/set-emergency/true/true (200)
[21h 15:0] GET /tickets : 200
[21h 15:0] GET /invites : 200
[21h 15:0] GET /giveaways/ : 200
[21h 17:29] POST /auth (200)
[21h 17:31] GET /tickets : 200
[21h 17:31] GET /invites : 200
[21h 17:31] GET /giveaways/ : 200
[21h 17:36] POST /settings/set-emergency/true/true (200)
[21h 19:34] POST /auth (200)
[21h 19:35] POST /settings/set-emergency/true/true (200)
[21h 19:37] GET /tickets : 200
[21h 19:37] GET /invites : 200
[21h 19:37] GET /giveaways/ : 200
[21h 20:10] POST /auth (200)
[21h 20:12] POST /settings/set-emergency/true/true (500)
[21h 21:1] POST /auth (200)
[21h 21:4] POST /settings/set-emergency/true/true (200)
[21h 21:4] GET /tickets : 200
[21h 21:4] GET /invites : 200
[21h 21:4] GET /giveaways/ : 200
[21h 21:51] POST /auth (200)
[21h 21:54] GET /tickets : 200
[21h 21:54] GET /invites : 200
[21h 21:54] GET /giveaways/ : 200
[21h 21:56] POST /settings/set-emergency/true/true (200)
