[22h 31:36] POST /auth : 200
[22h 31:39] GET /banques : 200
[22h 31:39] GET /orders : 200
[22h 31:39] GET /users : 200
[22h 31:39] GET /tickets : 200
[22h 32:20] POST /orders : 200
[22h 32:40] GET /orders/1126249216835076176/offers/as-offer/670642326661496866 : 200
[22h 32:40] GET /orders/1126249216835076176/offers/is-busied/670642326661496866 : 200
[22h 32:40] PUT /orders/1126249216835076176/offers/busy : 200
[22h 32:47] GET /orders/1126249216835076176/offers/as-offer/670642326661496866 : 200
[22h 32:58] POST /orders/offers/1126249216835076176 : 200
[22h 33:31] POST /auth : 200
[22h 33:34] GET /orders : 200
[22h 33:34] GET /banques : 200
[22h 33:34] GET /users : 200
[22h 33:52] POST /auth : 200
[22h 33:55] GET /banques : 200
[22h 33:55] GET /orders : 200
[22h 33:55] GET /users : 200
[22h 33:55] GET /tickets : 200
[22h 34:44] POST /orders/offers/bda2b8a65fb2/accept : 200
[22h 34:44] PATCH /orders/1126249216835076176 : 404
[22h 36:7] DESTROY /orders/1126249216835076176 : 200
[22h 36:8] DESTROY /orders/1126249216835076176 : 200
[22h 36:41] POST /tickets : 200
[22h 39:1] POST /auth : 200
[22h 39:4] GET /orders : 200
[22h 39:4] GET /banques : 200
[22h 39:4] GET /users : 200
[22h 39:4] GET /tickets : 200
[22h 39:16] DESTROY /tickets/1126250317277843559 : 500
