[15h 21:24] POST /auth : 200
[15h 21:27] GET /orders : 200
[15h 21:27] GET /tickets : 200
[15h 21:33] POST /orders : 200
[15h 21:43] GET /orders/1115631565813317693/offers/as-offer/849594300126855189 : 200
[15h 21:48] POST /orders/offers/1115631565813317693 : 200
[15h 22:25] POST /auth : 200
[15h 22:28] GET /orders : 200
[15h 22:28] GET /tickets : 200
[15h 22:36] POST /orders : 200
[15h 22:43] GET /orders/1115631830901739560/offers/as-offer/849594300126855189 : 200
[15h 22:43] GET /orders/1115631830901739560/offers/is-busied/849594300126855189 : 200
[15h 22:43] PUT /orders/1115631830901739560/offers/busy : 200
[15h 22:46] GET /orders/1115631830901739560/offers/as-offer/849594300126855189 : 200
[15h 22:46] GET /orders/1115631830901739560/offers/is-busied/849594300126855189 : 200
[15h 22:49] GET /orders/1115631830901739560/offers/as-offer/849594300126855189 : 200
[15h 23:1] GET /orders/1115631830901739560/offers/as-offer/670642326661496866 : 200
[15h 23:1] GET /orders/1115631830901739560/offers/is-busied/670642326661496866 : 200
[15h 23:1] PUT /orders/1115631830901739560/offers/busy : 200
[15h 23:10] GET /orders/1115631830901739560/offers/as-offer/670642326661496866 : 200
[15h 23:14] POST /orders/offers/1115631830901739560 : 200
[15h 23:27] GET /orders/1115631830901739560/offers/as-offer/849594300126855189 : 200
[15h 25:8] POST /auth : 200
[15h 25:11] GET /orders : 200
[15h 25:11] GET /tickets : 200
[15h 25:13] POST /orders/offers/1115631830901739560 : 200
[15h 42:57] POST /auth : 200
[15h 43:0] GET /orders : 200
[15h 43:1] GET /tickets : 200
[15h 43:6] POST /auth : 200
[15h 43:9] GET /orders : 200
[15h 43:9] GET /tickets : 200
[15h 43:14] POST /orders : 200
[15h 44:10] POST /auth : 200
[19h 55:12] POST /auth : 200
[19h 55:15] GET /orders : 200
[19h 55:16] GET /tickets : 200
[19h 55:17] GET /orders/1115637024364437594/offers/as-offer/670642326661496866 : 200
[19h 57:59] POST /auth : 200
[19h 58:2] GET /orders : 200
[19h 58:3] GET /tickets : 200
[19h 58:32] POST /auth : 200
[19h 58:35] GET /orders : 200
[19h 58:36] GET /tickets : 200
[20h 0:54] POST /auth : 200
[20h 0:57] GET /orders : 200
[20h 0:57] GET /tickets : 200
[20h 1:7] POST /orders : 200
[20h 1:15] GET /orders/1115701919806140596/offers/as-offer/670642326661496866 : 200
[20h 1:18] POST /orders/offers/1115701919806140596 : 200
[20h 49:11] POST /auth : 200
[20h 49:14] GET /orders : 200
[20h 49:15] GET /tickets : 200
[20h 50:15] POST /auth : 200
[20h 50:18] GET /orders : 200
[20h 50:18] GET /tickets : 200
[20h 50:29] POST /auth : 200
[20h 50:32] GET /orders : 200
[20h 50:32] GET /tickets : 200
[20h 52:38] POST /auth : 200
[20h 52:41] GET /orders : 200
[20h 52:41] GET /tickets : 200
[23h 12:57] POST /auth : 200
[23h 13:0] GET /orders : 200
[23h 13:0] GET /tickets : 200
[23h 15:1] POST /auth : 200
[23h 15:4] GET /orders : 200
[23h 15:47] POST /auth : 200
[23h 15:50] GET /orders : 200
[23h 15:50] GET /tickets : 200
[23h 16:23] POST /auth : 200
[23h 16:26] GET /orders : 200
[23h 16:26] GET /tickets : 200
[23h 16:44] POST /auth : 200
[23h 16:47] GET /orders : 200
[23h 16:48] GET /tickets : 200
[23h 16:50] POST /orders : 200
[23h 18:10] POST /auth : 200
[23h 18:13] GET /orders : 200
[23h 18:13] GET /tickets : 200
[23h 19:18] POST /auth : 200
[23h 19:21] GET /orders : 200
[23h 19:22] GET /tickets : 200
[23h 20:27] POST /auth : 200
[23h 20:30] GET /orders : 200
[23h 20:31] GET /tickets : 200
[23h 21:2] POST /auth : 200
[23h 21:5] GET /orders : 200
[23h 21:5] GET /tickets : 200
[23h 22:29] POST /auth : 200
[23h 22:32] GET /orders : 200
[23h 22:32] GET /tickets : 200
[23h 23:18] POST /auth : 200
[23h 23:21] GET /orders : 200
[23h 23:22] GET /tickets : 200
[23h 23:41] POST /auth : 200
[23h 23:44] GET /orders : 200
[23h 23:45] GET /tickets : 200
[23h 24:7] POST /auth : 200
[23h 24:10] GET /orders : 200
[23h 24:11] GET /tickets : 200
[23h 25:18] POST /auth : 200
[23h 25:21] GET /orders : 200
[23h 25:22] GET /tickets : 200
[23h 25:34] POST /auth : 200
[23h 25:37] GET /orders : 200
[23h 25:38] GET /tickets : 200
[23h 26:20] POST /auth : 200
[23h 26:23] GET /orders : 200
[23h 26:23] GET /tickets : 200
[23h 26:34] POST /orders : 200
[23h 29:36] GET /orders/1115753625495556248/offers/as-offer/670642326661496866 : 200
[23h 29:39] POST /orders/offers/1115753625495556248 : 200
[23h 39:49] POST /auth : 200
[23h 39:52] GET /orders : 200
[23h 39:52] GET /tickets : 200
[23h 40:2] POST /auth : 200
[23h 40:5] GET /orders : 200
[23h 40:5] GET /tickets : 200
[23h 40:12] POST /orders : 200
[23h 40:50] POST /auth : 200
[23h 40:53] GET /orders : 200
[23h 40:54] GET /tickets : 200
[23h 40:58] POST /orders : 200
[23h 41:4] GET /orders/1115757248505974814/offers/as-offer/670642326661496866 : 200
[23h 41:8] POST /orders/offers/1115757248505974814 : 200
[23h 42:8] POST /auth : 200
[23h 42:11] GET /orders : 200
[23h 42:12] GET /tickets : 200
[23h 42:35] POST /auth : 200
[23h 42:38] GET /orders : 200
[23h 42:38] GET /tickets : 200
[23h 43:11] POST /auth : 200
[23h 43:14] GET /orders : 200
[23h 43:15] GET /tickets : 200
[23h 45:26] POST /auth : 200
[23h 45:29] GET /orders : 200
[23h 45:29] GET /tickets : 200
[23h 47:11] POST /auth : 200
[23h 47:14] GET /orders : 200
[23h 47:14] GET /tickets : 200
[23h 47:28] POST /auth : 200
[23h 47:31] GET /orders : 200
[23h 47:32] GET /tickets : 200
[23h 48:20] POST /auth : 200
[23h 48:23] GET /orders : 200
[23h 48:24] GET /tickets : 200
[23h 50:3] POST /auth : 200
[23h 50:6] GET /orders : 200
[23h 50:6] GET /tickets : 200
