[14h 34:4] POST /auth : 200
[14h 34:7] GET /banques : 200
[14h 34:7] GET /orders : 200
[14h 34:7] GET /users : 200
[14h 34:7] GET /tickets : 200
[14h 34:38] POST /orders : 200
[14h 34:47] GET /orders/1126491391061676123/offers/as-offer/670642326661496866 : 200
[14h 34:47] GET /orders/1126491391061676123/offers/is-busied/670642326661496866 : 200
[14h 34:47] PUT /orders/1126491391061676123/offers/busy : 200
[14h 34:53] GET /orders/1126491391061676123/offers/as-offer/670642326661496866 : 200
[14h 34:57] POST /orders/offers/1126491391061676123 : 200
[14h 35:2] DESTROY /orders/offers/bbb82458da45/refuse : 200
[14h 35:10] GET /orders/1126491391061676123/offers/as-offer/670642326661496866 : 200
[14h 35:14] POST /orders/offers/1126491391061676123 : 200
[14h 35:18] POST /orders/offers/7a3e9f5f4482/accept : 200
[14h 35:18] PATCH /orders/1126491391061676123 : 404
[14h 35:36] POST /users/670642326661496866/review : 200
[14h 35:36] PUT /users/670642326661496866 : 200
[14h 36:3] POST /banques : 200
[14h 36:11] PUT /banques/670642326661496866/add : 200
[14h 36:49] PUT /banques/670642326661496866/remove : 200
[14h 38:31] DESTROY /orders/1126491391061676123 : 200
[14h 39:5] POST /tickets : 200
[14h 39:43] DESTROY /tickets/1126492513780367380 : 500
[14h 40:30] POST /tickets : 200
[14h 40:36] DESTROY /tickets/1126492867750277200 : 500
[14h 42:27] POST /auth : 200
[14h 42:30] GET /banques : 200
[14h 42:30] GET /orders : 200
[14h 42:30] GET /users : 200
[14h 42:30] GET /tickets : 200
[14h 42:50] POST /tickets : 200
[14h 43:11] DESTROY /tickets/1126493451194744832 : 500
[14h 44:39] POST /auth : 200
[14h 44:42] GET /orders : 200
[14h 44:42] GET /banques : 200
[14h 44:42] GET /users : 200
[14h 44:42] GET /tickets : 200
[14h 44:46] DESTROY /tickets/1126493451194744832 : 200
[14h 44:53] POST /tickets : 200
[14h 45:2] DESTROY /tickets/1126493975449182239 : 200
[14h 56:43] POST /auth : 200
[17h 1:16] POST /auth : 200
[17h 2:16] POST /auth : 200
[17h 2:20] GET /orders : 200
[17h 2:20] GET /banques : 200
[17h 2:20] GET /users : 200
[17h 2:20] GET /tickets : 200
