[18h 42:29] POST /auth : 200
[18h 42:32] GET /orders : 200
[18h 42:32] GET /tickets : 200
[18h 42:48] POST /orders : 200
[18h 42:54] GET /orders/1116769371973492897/offers/as-offer/670642326661496866 : 200
[18h 42:54] GET /orders/1116769371973492897/offers/is-busied/670642326661496866 : 200
[18h 42:54] PUT /orders/1116769371973492897/offers/busy : 200
[18h 43:2] GET /orders/1116769371973492897/offers/as-offer/670642326661496866 : 200
[18h 43:6] POST /orders/offers/1116769371973492897 : 200
[18h 43:19] POST /auth : 200
[18h 43:22] GET /orders : 200
[18h 43:22] GET /tickets : 200
[18h 43:33] GET /orders/offers/32740c46969c : 200
[18h 43:34] POST /orders/offers/32740c46969c/accept : 200
[18h 45:59] POST /auth : 200
[18h 46:2] GET /orders : 200
[18h 46:4] GET /tickets : 200
[19h 37:41] POST /auth : 200
[19h 37:44] GET /orders : 200
[19h 37:44] GET /tickets : 200
[19h 38:41] POST /auth : 200
[19h 38:44] GET /orders : 200
[19h 38:45] GET /tickets : 200
[19h 40:58] POST /auth : 200
[19h 41:1] GET /orders : 200
[19h 41:1] GET /tickets : 200
[19h 44:13] POST /auth : 200
[23h 11:53] POST /auth : 200
[23h 11:56] GET /orders : 200
[23h 21:8] POST /auth : 200
[23h 21:11] GET /orders : 200
[23h 21:11] GET /tickets : 200
[23h 21:54] POST /auth : 200
[23h 21:57] GET /orders : 200
[23h 21:57] GET /tickets : 200
[23h 25:57] POST /auth : 200
[23h 26:0] GET /orders : 200
[23h 26:0] GET /tickets : 200
[23h 26:32] POST /auth : 200
[23h 26:35] GET /orders : 200
[23h 26:35] GET /tickets : 200
[23h 26:54] POST /auth : 200
[23h 26:57] GET /orders : 200
[23h 26:57] GET /tickets : 200
[23h 27:4] POST /auth : 200
[23h 28:15] POST /auth : 200
[23h 28:18] GET /orders : 200
[23h 28:18] GET /tickets : 200
[23h 30:52] POST /auth : 200
[23h 31:32] POST /auth : 200
[23h 31:35] GET /orders : 200
[23h 31:35] GET /tickets : 200
[23h 31:50] POST /auth : 200
[23h 32:18] POST /auth : 200
[23h 32:21] GET /orders : 200
[23h 32:21] GET /tickets : 200
[23h 33:34] POST /auth : 200
[23h 33:37] GET /orders : 200
[23h 33:38] GET /tickets : 200
[23h 34:36] POST /auth : 200
[23h 34:39] GET /orders : 200
[23h 34:39] GET /tickets : 200
[23h 35:11] POST /auth : 200
[23h 35:14] GET /orders : 200
[23h 35:14] GET /tickets : 200
[23h 36:49] POST /auth : 200
[23h 36:52] GET /orders : 200
[23h 36:52] GET /tickets : 200
[23h 36:57] POST /auth : 200
[23h 37:0] GET /orders : 200
[23h 37:1] GET /tickets : 200
[23h 37:27] POST /auth : 200
[23h 37:30] GET /orders : 200
[23h 37:30] GET /tickets : 200
[23h 38:42] POST /auth : 200
[23h 38:44] GET /orders : 200
[23h 48:24] POST /auth : 200
[23h 48:27] GET /orders : 200
[23h 56:19] POST /auth : 200
[23h 56:22] GET /orders : 200
