[22h 4:22] POST /auth (200)
[22h 4:25] GET /tickets : 200
[22h 4:25] GET /invites : 200
[22h 4:25] GET /giveaways/ : 200
[22h 5:32] DESTROY /staffconnexion/670642326661496866 : 200
[22h 19:11] POST /auth (200)
[22h 19:14] GET /tickets : 200
[22h 19:14] GET /invites : 200
[22h 19:14] GET /giveaways/ : 200
[22h 19:19] GET jobs/670642326661496866 : 404
[22h 19:32] POST /auth (200)
[22h 19:35] GET /tickets : 200
[22h 19:35] GET /giveaways/ : 200
[22h 19:35] GET /invites : 200
[22h 19:38] GET /jobs/670642326661496866 : 200
[22h 38:38] POST /auth (200)
[22h 38:41] GET /tickets : 200
[22h 38:41] GET /invites : 200
[22h 38:41] GET /giveaways/ : 200
[22h 38:42] GET /jobs/670642326661496866 : 200
[22h 40:54] POST /auth (200)
[22h 40:57] GET /tickets : 200
[22h 40:57] GET /invites : 200
[22h 40:57] GET /giveaways/ : 200
[22h 40:59] GET /jobs/670642326661496866 : 200
[22h 41:11] POST /auth (200)
[22h 41:13] GET /tickets : 200
[22h 41:13] GET /invites : 200
[22h 41:13] GET /giveaways/ : 200
[22h 41:14] GET /jobs/670642326661496866 : 200
[22h 42:14] POST /auth (200)
[22h 42:17] GET /tickets : 200
[22h 42:17] GET /invites : 200
[22h 42:17] GET /giveaways/ : 200
[22h 42:18] GET /jobs/670642326661496866 : 200
[22h 42:30] POST /auth (200)
[22h 42:32] GET /jobs/670642326661496866 : 200
[22h 43:3] POST /auth (200)
[22h 43:5] GET /jobs/670642326661496866 : 200
[22h 43:6] GET /tickets : 200
[22h 43:6] GET /invites : 200
[22h 43:6] GET /giveaways/ : 200
[22h 50:1] GET /jobs/670642326661496866 : 200
[22h 50:49] GET /jobs/670642326661496866 : 200
[22h 51:16] GET /jobs/670642326661496866 : 200
[22h 51:41] GET /jobs/670642326661496866 : 200
[22h 52:47] POST /auth (200)
[22h 52:50] GET /tickets : 200
[22h 52:50] GET /invites : 200
[22h 52:50] GET /giveaways/ : 200
[22h 52:57] GET /jobs/670642326661496866 : 200
[22h 53:16] POST /auth (200)
[22h 53:19] GET /tickets : 200
[22h 53:19] GET /giveaways/ : 200
[22h 53:19] GET /invites : 200
[22h 53:26] POST /auth (200)
[22h 53:29] GET /tickets : 200
[22h 53:29] GET /invites : 200
[22h 53:29] GET /giveaways/ : 200
[22h 53:57] POST /auth (200)
[22h 53:59] GET /jobs/670642326661496866 : 200
[22h 54:0] GET /tickets : 200
[22h 54:0] GET /invites : 200
[22h 54:0] GET /giveaways/ : 200
